02:05:01.460 [main] INFO  cn.kollorsong.Application - Starting Application on localhost with PID 2075 (/Users/kollorsong/IdeaProjects/foodie/foodie-api/target/classes started by kollorsong in /Users/kollorsong/IdeaProjects/foodie)
02:05:01.462 [main] INFO  cn.kollorsong.Application - The following profiles are active: dev
02:05:02.569 [main] INFO  org.apache.coyote.http11.Http11NioProtocol - Initializing ProtocolHandler ["http-nio-8888"]
02:05:02.577 [main] INFO  org.apache.catalina.core.StandardService - Starting service [Tomcat]
02:05:02.578 [main] INFO  org.apache.catalina.core.StandardEngine - Starting Servlet engine: [Apache Tomcat/9.0.19]
02:05:02.655 [main] INFO  org.apache.catalina.core.ContainerBase.[Tomcat].[localhost].[/foodie] - Initializing Spring embedded WebApplicationContext
02:05:03.942 [main] INFO  tk.mybatis.mapper.autoconfigure.MapperCacheDisabler - Clear tk.mybatis.mapper.util.MsUtil CLASS_CACHE cache.
02:05:03.943 [main] INFO  tk.mybatis.mapper.autoconfigure.MapperCacheDisabler - Clear tk.mybatis.mapper.genid.GenIdUtil CACHE cache.
02:05:03.943 [main] INFO  tk.mybatis.mapper.autoconfigure.MapperCacheDisabler - Clear tk.mybatis.mapper.version.VersionUtil CACHE cache.
02:05:03.944 [main] INFO  tk.mybatis.mapper.autoconfigure.MapperCacheDisabler - Clear EntityHelper entityTableMap cache.
02:05:04.148 [main] INFO  org.apache.coyote.http11.Http11NioProtocol - Starting ProtocolHandler ["http-nio-8888"]
02:05:04.183 [main] INFO  cn.kollorsong.Application - Started Application in 3.562 seconds (JVM running for 4.993)
02:05:11.667 [http-nio-8888-exec-2] INFO  org.apache.catalina.core.ContainerBase.[Tomcat].[localhost].[/foodie] - Initializing Spring DispatcherServlet 'dispatcherServlet'
02:05:11.701 [http-nio-8888-exec-2] INFO  cn.kollorsong.controller.HelloController - 这里是info信息
02:05:11.701 [http-nio-8888-exec-2] WARN  cn.kollorsong.controller.HelloController - 这里是warn信息
02:05:11.701 [http-nio-8888-exec-2] ERROR cn.kollorsong.controller.HelloController - 这里是error信息
02:13:10.959 [main] INFO  cn.kollorsong.Application - Starting Application on localhost with PID 2114 (/Users/kollorsong/IdeaProjects/foodie/foodie-api/target/classes started by kollorsong in /Users/kollorsong/IdeaProjects/foodie)
02:13:10.961 [main] INFO  cn.kollorsong.Application - The following profiles are active: dev
02:13:12.030 [main] INFO  org.apache.coyote.http11.Http11NioProtocol - Initializing ProtocolHandler ["http-nio-8888"]
02:13:12.038 [main] INFO  org.apache.catalina.core.StandardService - Starting service [Tomcat]
02:13:12.038 [main] INFO  org.apache.catalina.core.StandardEngine - Starting Servlet engine: [Apache Tomcat/9.0.19]
02:13:12.108 [main] INFO  org.apache.catalina.core.ContainerBase.[Tomcat].[localhost].[/foodie] - Initializing Spring embedded WebApplicationContext
02:13:13.129 [main] INFO  tk.mybatis.mapper.autoconfigure.MapperCacheDisabler - Clear tk.mybatis.mapper.util.MsUtil CLASS_CACHE cache.
02:13:13.130 [main] INFO  tk.mybatis.mapper.autoconfigure.MapperCacheDisabler - Clear tk.mybatis.mapper.genid.GenIdUtil CACHE cache.
02:13:13.130 [main] INFO  tk.mybatis.mapper.autoconfigure.MapperCacheDisabler - Clear tk.mybatis.mapper.version.VersionUtil CACHE cache.
02:13:13.130 [main] INFO  tk.mybatis.mapper.autoconfigure.MapperCacheDisabler - Clear EntityHelper entityTableMap cache.
02:13:13.258 [main] INFO  org.apache.coyote.http11.Http11NioProtocol - Starting ProtocolHandler ["http-nio-8888"]
02:13:13.285 [main] INFO  cn.kollorsong.Application - Started Application in 2.937 seconds (JVM running for 3.652)
02:13:55.156 [main] INFO  cn.kollorsong.Application - Starting Application on localhost with PID 2118 (/Users/kollorsong/IdeaProjects/foodie/foodie-api/target/classes started by kollorsong in /Users/kollorsong/IdeaProjects/foodie)
02:13:55.158 [main] INFO  cn.kollorsong.Application - The following profiles are active: dev
02:13:56.657 [main] INFO  org.apache.coyote.http11.Http11NioProtocol - Initializing ProtocolHandler ["http-nio-8888"]
02:13:56.664 [main] INFO  org.apache.catalina.core.StandardService - Starting service [Tomcat]
02:13:56.665 [main] INFO  org.apache.catalina.core.StandardEngine - Starting Servlet engine: [Apache Tomcat/9.0.19]
02:13:56.736 [main] INFO  org.apache.catalina.core.ContainerBase.[Tomcat].[localhost].[/foodie] - Initializing Spring embedded WebApplicationContext
02:13:57.735 [main] INFO  tk.mybatis.mapper.autoconfigure.MapperCacheDisabler - Clear tk.mybatis.mapper.util.MsUtil CLASS_CACHE cache.
02:13:57.736 [main] INFO  tk.mybatis.mapper.autoconfigure.MapperCacheDisabler - Clear tk.mybatis.mapper.genid.GenIdUtil CACHE cache.
02:13:57.737 [main] INFO  tk.mybatis.mapper.autoconfigure.MapperCacheDisabler - Clear tk.mybatis.mapper.version.VersionUtil CACHE cache.
02:13:57.737 [main] INFO  tk.mybatis.mapper.autoconfigure.MapperCacheDisabler - Clear EntityHelper entityTableMap cache.
02:13:58.017 [main] INFO  org.apache.coyote.http11.Http11NioProtocol - Starting ProtocolHandler ["http-nio-8888"]
02:13:58.045 [main] INFO  cn.kollorsong.Application - Started Application in 3.838 seconds (JVM running for 4.654)
02:14:09.112 [main] INFO  cn.kollorsong.Application - Starting Application on localhost with PID 2121 (/Users/kollorsong/IdeaProjects/foodie/foodie-api/target/classes started by kollorsong in /Users/kollorsong/IdeaProjects/foodie)
02:14:09.113 [main] INFO  cn.kollorsong.Application - The following profiles are active: dev
02:14:10.093 [main] INFO  org.apache.coyote.http11.Http11NioProtocol - Initializing ProtocolHandler ["http-nio-8888"]
02:14:10.100 [main] INFO  org.apache.catalina.core.StandardService - Starting service [Tomcat]
02:14:10.101 [main] INFO  org.apache.catalina.core.StandardEngine - Starting Servlet engine: [Apache Tomcat/9.0.19]
02:14:10.170 [main] INFO  org.apache.catalina.core.ContainerBase.[Tomcat].[localhost].[/foodie] - Initializing Spring embedded WebApplicationContext
02:14:11.147 [main] INFO  tk.mybatis.mapper.autoconfigure.MapperCacheDisabler - Clear tk.mybatis.mapper.util.MsUtil CLASS_CACHE cache.
02:14:11.148 [main] INFO  tk.mybatis.mapper.autoconfigure.MapperCacheDisabler - Clear tk.mybatis.mapper.genid.GenIdUtil CACHE cache.
02:14:11.148 [main] INFO  tk.mybatis.mapper.autoconfigure.MapperCacheDisabler - Clear tk.mybatis.mapper.version.VersionUtil CACHE cache.
02:14:11.148 [main] INFO  tk.mybatis.mapper.autoconfigure.MapperCacheDisabler - Clear EntityHelper entityTableMap cache.
02:14:11.287 [main] INFO  org.apache.coyote.http11.Http11NioProtocol - Starting ProtocolHandler ["http-nio-8888"]
02:14:11.313 [main] INFO  cn.kollorsong.Application - Started Application in 2.995 seconds (JVM running for 3.852)
02:15:01.609 [http-nio-8888-exec-2] INFO  org.apache.catalina.core.ContainerBase.[Tomcat].[localhost].[/foodie] - Initializing Spring DispatcherServlet 'dispatcherServlet'
02:15:01.647 [http-nio-8888-exec-2] INFO  cn.kollorsong.controller.HelloController - 这里是info信息
02:15:01.648 [http-nio-8888-exec-2] WARN  cn.kollorsong.controller.HelloController - 这里是warn信息
02:15:01.649 [http-nio-8888-exec-2] ERROR cn.kollorsong.controller.HelloController - 这里是error信息
02:16:27.266 [main] INFO  cn.kollorsong.Application - Starting Application on localhost with PID 2132 (/Users/kollorsong/IdeaProjects/foodie/foodie-api/target/classes started by kollorsong in /Users/kollorsong/IdeaProjects/foodie)
02:16:27.267 [main] INFO  cn.kollorsong.Application - The following profiles are active: dev
02:16:28.287 [main] INFO  org.apache.coyote.http11.Http11NioProtocol - Initializing ProtocolHandler ["http-nio-8888"]
02:16:28.294 [main] INFO  org.apache.catalina.core.StandardService - Starting service [Tomcat]
02:16:28.295 [main] INFO  org.apache.catalina.core.StandardEngine - Starting Servlet engine: [Apache Tomcat/9.0.19]
02:16:28.365 [main] INFO  org.apache.catalina.core.ContainerBase.[Tomcat].[localhost].[/foodie] - Initializing Spring embedded WebApplicationContext
02:16:29.336 [main] INFO  tk.mybatis.mapper.autoconfigure.MapperCacheDisabler - Clear tk.mybatis.mapper.util.MsUtil CLASS_CACHE cache.
02:16:29.337 [main] INFO  tk.mybatis.mapper.autoconfigure.MapperCacheDisabler - Clear tk.mybatis.mapper.genid.GenIdUtil CACHE cache.
02:16:29.337 [main] INFO  tk.mybatis.mapper.autoconfigure.MapperCacheDisabler - Clear tk.mybatis.mapper.version.VersionUtil CACHE cache.
02:16:29.337 [main] INFO  tk.mybatis.mapper.autoconfigure.MapperCacheDisabler - Clear EntityHelper entityTableMap cache.
02:16:29.477 [main] INFO  org.apache.coyote.http11.Http11NioProtocol - Starting ProtocolHandler ["http-nio-8888"]
02:16:29.503 [main] INFO  cn.kollorsong.Application - Started Application in 2.707 seconds (JVM running for 3.743)
02:16:43.081 [http-nio-8888-exec-2] INFO  org.apache.catalina.core.ContainerBase.[Tomcat].[localhost].[/foodie] - Initializing Spring DispatcherServlet 'dispatcherServlet'
02:16:43.120 [http-nio-8888-exec-2] INFO  cn.kollorsong.controller.HelloController - 这里是info信息
02:16:43.121 [http-nio-8888-exec-2] WARN  cn.kollorsong.controller.HelloController - 这里是warn信息
02:16:43.122 [http-nio-8888-exec-2] ERROR cn.kollorsong.controller.HelloController - 这里是error信息
02:16:56.775 [http-nio-8888-exec-3] INFO  cn.kollorsong.controller.HelloController - 这里是info信息
02:16:56.780 [http-nio-8888-exec-3] WARN  cn.kollorsong.controller.HelloController - 这里是warn信息
02:16:56.780 [http-nio-8888-exec-3] ERROR cn.kollorsong.controller.HelloController - 这里是error信息
02:19:22.294 [main] INFO  cn.kollorsong.Application - Starting Application on localhost with PID 2150 (/Users/kollorsong/IdeaProjects/foodie/foodie-api/target/classes started by kollorsong in /Users/kollorsong/IdeaProjects/foodie)
02:19:22.295 [main] INFO  cn.kollorsong.Application - The following profiles are active: dev
02:19:23.296 [main] INFO  org.apache.coyote.http11.Http11NioProtocol - Initializing ProtocolHandler ["http-nio-8888"]
02:19:23.304 [main] INFO  org.apache.catalina.core.StandardService - Starting service [Tomcat]
02:19:23.305 [main] INFO  org.apache.catalina.core.StandardEngine - Starting Servlet engine: [Apache Tomcat/9.0.19]
02:19:23.377 [main] INFO  org.apache.catalina.core.ContainerBase.[Tomcat].[localhost].[/foodie] - Initializing Spring embedded WebApplicationContext
02:19:24.412 [main] INFO  tk.mybatis.mapper.autoconfigure.MapperCacheDisabler - Clear tk.mybatis.mapper.util.MsUtil CLASS_CACHE cache.
02:19:24.412 [main] INFO  tk.mybatis.mapper.autoconfigure.MapperCacheDisabler - Clear tk.mybatis.mapper.genid.GenIdUtil CACHE cache.
02:19:24.413 [main] INFO  tk.mybatis.mapper.autoconfigure.MapperCacheDisabler - Clear tk.mybatis.mapper.version.VersionUtil CACHE cache.
02:19:24.413 [main] INFO  tk.mybatis.mapper.autoconfigure.MapperCacheDisabler - Clear EntityHelper entityTableMap cache.
02:19:24.548 [main] INFO  org.apache.coyote.http11.Http11NioProtocol - Starting ProtocolHandler ["http-nio-8888"]
02:19:24.576 [main] INFO  cn.kollorsong.Application - Started Application in 2.817 seconds (JVM running for 4.524)
02:23:39.616 [main] INFO  cn.kollorsong.Application - Starting Application on localhost with PID 2170 (/Users/kollorsong/IdeaProjects/foodie/foodie-api/target/classes started by kollorsong in /Users/kollorsong/IdeaProjects/foodie)
02:23:39.617 [main] INFO  cn.kollorsong.Application - The following profiles are active: dev
02:23:40.743 [main] INFO  org.apache.coyote.http11.Http11NioProtocol - Initializing ProtocolHandler ["http-nio-8888"]
02:23:40.750 [main] INFO  org.apache.catalina.core.StandardService - Starting service [Tomcat]
02:23:40.751 [main] INFO  org.apache.catalina.core.StandardEngine - Starting Servlet engine: [Apache Tomcat/9.0.19]
02:23:40.824 [main] INFO  org.apache.catalina.core.ContainerBase.[Tomcat].[localhost].[/foodie] - Initializing Spring embedded WebApplicationContext
02:23:41.841 [main] INFO  tk.mybatis.mapper.autoconfigure.MapperCacheDisabler - Clear tk.mybatis.mapper.util.MsUtil CLASS_CACHE cache.
02:23:41.842 [main] INFO  tk.mybatis.mapper.autoconfigure.MapperCacheDisabler - Clear tk.mybatis.mapper.genid.GenIdUtil CACHE cache.
02:23:41.842 [main] INFO  tk.mybatis.mapper.autoconfigure.MapperCacheDisabler - Clear tk.mybatis.mapper.version.VersionUtil CACHE cache.
02:23:41.842 [main] INFO  tk.mybatis.mapper.autoconfigure.MapperCacheDisabler - Clear EntityHelper entityTableMap cache.
02:23:41.984 [main] INFO  org.apache.coyote.http11.Http11NioProtocol - Starting ProtocolHandler ["http-nio-8888"]
02:23:42.012 [main] INFO  cn.kollorsong.Application - Started Application in 2.952 seconds (JVM running for 3.837)
02:24:00.014 [main] INFO  cn.kollorsong.Application - Starting Application on localhost with PID 2176 (/Users/kollorsong/IdeaProjects/foodie/foodie-api/target/classes started by kollorsong in /Users/kollorsong/IdeaProjects/foodie)
02:24:00.015 [main] INFO  cn.kollorsong.Application - The following profiles are active: dev
02:24:01.086 [main] INFO  org.apache.coyote.http11.Http11NioProtocol - Initializing ProtocolHandler ["http-nio-8888"]
02:24:01.094 [main] INFO  org.apache.catalina.core.StandardService - Starting service [Tomcat]
02:24:01.095 [main] INFO  org.apache.catalina.core.StandardEngine - Starting Servlet engine: [Apache Tomcat/9.0.19]
02:24:01.168 [main] INFO  org.apache.catalina.core.ContainerBase.[Tomcat].[localhost].[/foodie] - Initializing Spring embedded WebApplicationContext
02:24:02.102 [main] INFO  tk.mybatis.mapper.autoconfigure.MapperCacheDisabler - Clear tk.mybatis.mapper.util.MsUtil CLASS_CACHE cache.
02:24:02.103 [main] INFO  tk.mybatis.mapper.autoconfigure.MapperCacheDisabler - Clear tk.mybatis.mapper.genid.GenIdUtil CACHE cache.
02:24:02.103 [main] INFO  tk.mybatis.mapper.autoconfigure.MapperCacheDisabler - Clear tk.mybatis.mapper.version.VersionUtil CACHE cache.
02:24:02.104 [main] INFO  tk.mybatis.mapper.autoconfigure.MapperCacheDisabler - Clear EntityHelper entityTableMap cache.
02:24:02.252 [main] INFO  org.apache.coyote.http11.Http11NioProtocol - Starting ProtocolHandler ["http-nio-8888"]
02:24:02.279 [main] INFO  cn.kollorsong.Application - Started Application in 2.773 seconds (JVM running for 3.91)
02:24:50.402 [http-nio-8888-exec-2] INFO  org.apache.catalina.core.ContainerBase.[Tomcat].[localhost].[/foodie] - Initializing Spring DispatcherServlet 'dispatcherServlet'
02:24:50.447 [http-nio-8888-exec-2] INFO  cn.kollorsong.controller.HelloController - 这里是info信息
02:24:50.447 [http-nio-8888-exec-2] WARN  cn.kollorsong.controller.HelloController - 这里是warn信息
02:24:50.447 [http-nio-8888-exec-2] ERROR cn.kollorsong.controller.HelloController - 这里是error信息
02:25:14.409 [main] INFO  cn.kollorsong.Application - Starting Application on localhost with PID 2188 (/Users/kollorsong/IdeaProjects/foodie/foodie-api/target/classes started by kollorsong in /Users/kollorsong/IdeaProjects/foodie)
02:25:14.410 [main] INFO  cn.kollorsong.Application - The following profiles are active: dev
02:25:15.557 [main] INFO  org.apache.coyote.http11.Http11NioProtocol - Initializing ProtocolHandler ["http-nio-8888"]
02:25:15.565 [main] INFO  org.apache.catalina.core.StandardService - Starting service [Tomcat]
02:25:15.565 [main] INFO  org.apache.catalina.core.StandardEngine - Starting Servlet engine: [Apache Tomcat/9.0.19]
02:25:15.637 [main] INFO  org.apache.catalina.core.ContainerBase.[Tomcat].[localhost].[/foodie] - Initializing Spring embedded WebApplicationContext
02:25:16.561 [main] INFO  tk.mybatis.mapper.autoconfigure.MapperCacheDisabler - Clear tk.mybatis.mapper.util.MsUtil CLASS_CACHE cache.
02:25:16.562 [main] INFO  tk.mybatis.mapper.autoconfigure.MapperCacheDisabler - Clear tk.mybatis.mapper.genid.GenIdUtil CACHE cache.
02:25:16.562 [main] INFO  tk.mybatis.mapper.autoconfigure.MapperCacheDisabler - Clear tk.mybatis.mapper.version.VersionUtil CACHE cache.
02:25:16.562 [main] INFO  tk.mybatis.mapper.autoconfigure.MapperCacheDisabler - Clear EntityHelper entityTableMap cache.
02:25:16.713 [main] INFO  org.apache.coyote.http11.Http11NioProtocol - Starting ProtocolHandler ["http-nio-8888"]
02:25:16.739 [main] INFO  cn.kollorsong.Application - Started Application in 2.835 seconds (JVM running for 3.682)
02:25:35.882 [http-nio-8888-exec-1] INFO  org.apache.catalina.core.ContainerBase.[Tomcat].[localhost].[/foodie] - Initializing Spring DispatcherServlet 'dispatcherServlet'
02:25:36.018 [http-nio-8888-exec-1] INFO  com.zaxxer.hikari.HikariDataSource - DateSourceHikariCP - Starting...
02:25:36.423 [http-nio-8888-exec-1] INFO  com.zaxxer.hikari.HikariDataSource - DateSourceHikariCP - Start completed.
02:29:18.189 [Thread-8] INFO  com.zaxxer.hikari.HikariDataSource - DateSourceHikariCP - Shutdown initiated...
02:29:18.196 [Thread-8] INFO  com.zaxxer.hikari.HikariDataSource - DateSourceHikariCP - Shutdown completed.
02:29:22.050 [main] INFO  cn.kollorsong.Application - Starting Application on localhost with PID 2201 (/Users/kollorsong/IdeaProjects/foodie/foodie-api/target/classes started by kollorsong in /Users/kollorsong/IdeaProjects/foodie)
02:29:22.051 [main] INFO  cn.kollorsong.Application - The following profiles are active: dev
02:29:23.151 [main] INFO  org.apache.coyote.http11.Http11NioProtocol - Initializing ProtocolHandler ["http-nio-8888"]
02:29:23.160 [main] INFO  org.apache.catalina.core.StandardService - Starting service [Tomcat]
02:29:23.160 [main] INFO  org.apache.catalina.core.StandardEngine - Starting Servlet engine: [Apache Tomcat/9.0.19]
02:29:23.240 [main] INFO  org.apache.catalina.core.ContainerBase.[Tomcat].[localhost].[/foodie] - Initializing Spring embedded WebApplicationContext
02:29:24.427 [main] INFO  tk.mybatis.mapper.autoconfigure.MapperCacheDisabler - Clear tk.mybatis.mapper.util.MsUtil CLASS_CACHE cache.
02:29:24.428 [main] INFO  tk.mybatis.mapper.autoconfigure.MapperCacheDisabler - Clear tk.mybatis.mapper.genid.GenIdUtil CACHE cache.
02:29:24.429 [main] INFO  tk.mybatis.mapper.autoconfigure.MapperCacheDisabler - Clear tk.mybatis.mapper.version.VersionUtil CACHE cache.
02:29:24.429 [main] INFO  tk.mybatis.mapper.autoconfigure.MapperCacheDisabler - Clear EntityHelper entityTableMap cache.
02:29:24.617 [main] INFO  org.apache.coyote.http11.Http11NioProtocol - Starting ProtocolHandler ["http-nio-8888"]
02:29:24.655 [main] INFO  cn.kollorsong.Application - Started Application in 2.989 seconds (JVM running for 4.813)
02:29:42.650 [http-nio-8888-exec-1] INFO  org.apache.catalina.core.ContainerBase.[Tomcat].[localhost].[/foodie] - Initializing Spring DispatcherServlet 'dispatcherServlet'
02:29:42.918 [http-nio-8888-exec-1] INFO  com.zaxxer.hikari.HikariDataSource - DateSourceHikariCP - Starting...
02:29:43.301 [http-nio-8888-exec-1] INFO  com.zaxxer.hikari.HikariDataSource - DateSourceHikariCP - Start completed.
02:37:59.233 [Thread-9] INFO  com.zaxxer.hikari.HikariDataSource - DateSourceHikariCP - Shutdown initiated...
02:37:59.238 [Thread-9] INFO  com.zaxxer.hikari.HikariDataSource - DateSourceHikariCP - Shutdown completed.
02:38:02.792 [main] INFO  cn.kollorsong.Application - Starting Application on localhost with PID 2239 (/Users/kollorsong/IdeaProjects/foodie/foodie-api/target/classes started by kollorsong in /Users/kollorsong/IdeaProjects/foodie)
02:38:02.795 [main] INFO  cn.kollorsong.Application - The following profiles are active: dev
02:38:03.960 [main] INFO  org.apache.coyote.http11.Http11NioProtocol - Initializing ProtocolHandler ["http-nio-8888"]
02:38:03.968 [main] INFO  org.apache.catalina.core.StandardService - Starting service [Tomcat]
02:38:03.969 [main] INFO  org.apache.catalina.core.StandardEngine - Starting Servlet engine: [Apache Tomcat/9.0.19]
02:38:04.043 [main] INFO  org.apache.catalina.core.ContainerBase.[Tomcat].[localhost].[/foodie] - Initializing Spring embedded WebApplicationContext
02:38:05.173 [main] INFO  tk.mybatis.mapper.autoconfigure.MapperCacheDisabler - Clear tk.mybatis.mapper.util.MsUtil CLASS_CACHE cache.
02:38:05.174 [main] INFO  tk.mybatis.mapper.autoconfigure.MapperCacheDisabler - Clear tk.mybatis.mapper.genid.GenIdUtil CACHE cache.
02:38:05.174 [main] INFO  tk.mybatis.mapper.autoconfigure.MapperCacheDisabler - Clear tk.mybatis.mapper.version.VersionUtil CACHE cache.
02:38:05.175 [main] INFO  tk.mybatis.mapper.autoconfigure.MapperCacheDisabler - Clear EntityHelper entityTableMap cache.
02:38:05.365 [main] INFO  org.apache.coyote.http11.Http11NioProtocol - Starting ProtocolHandler ["http-nio-8888"]
02:38:05.394 [main] INFO  cn.kollorsong.Application - Started Application in 3.336 seconds (JVM running for 4.229)
02:38:22.545 [main] INFO  cn.kollorsong.Application - Starting Application on localhost with PID 2242 (/Users/kollorsong/IdeaProjects/foodie/foodie-api/target/classes started by kollorsong in /Users/kollorsong/IdeaProjects/foodie)
02:38:22.546 [main] INFO  cn.kollorsong.Application - The following profiles are active: dev
02:38:23.683 [main] INFO  org.apache.coyote.http11.Http11NioProtocol - Initializing ProtocolHandler ["http-nio-8888"]
02:38:23.691 [main] INFO  org.apache.catalina.core.StandardService - Starting service [Tomcat]
02:38:23.691 [main] INFO  org.apache.catalina.core.StandardEngine - Starting Servlet engine: [Apache Tomcat/9.0.19]
02:38:23.767 [main] INFO  org.apache.catalina.core.ContainerBase.[Tomcat].[localhost].[/foodie] - Initializing Spring embedded WebApplicationContext
02:38:24.826 [main] INFO  tk.mybatis.mapper.autoconfigure.MapperCacheDisabler - Clear tk.mybatis.mapper.util.MsUtil CLASS_CACHE cache.
02:38:24.827 [main] INFO  tk.mybatis.mapper.autoconfigure.MapperCacheDisabler - Clear tk.mybatis.mapper.genid.GenIdUtil CACHE cache.
02:38:24.827 [main] INFO  tk.mybatis.mapper.autoconfigure.MapperCacheDisabler - Clear tk.mybatis.mapper.version.VersionUtil CACHE cache.
02:38:24.828 [main] INFO  tk.mybatis.mapper.autoconfigure.MapperCacheDisabler - Clear EntityHelper entityTableMap cache.
02:38:24.976 [main] INFO  org.apache.coyote.http11.Http11NioProtocol - Starting ProtocolHandler ["http-nio-8888"]
02:38:25.005 [main] INFO  cn.kollorsong.Application - Started Application in 3.381 seconds (JVM running for 4.755)
02:38:33.023 [http-nio-8888-exec-2] INFO  org.apache.catalina.core.ContainerBase.[Tomcat].[localhost].[/foodie] - Initializing Spring DispatcherServlet 'dispatcherServlet'
02:38:33.116 [http-nio-8888-exec-2] INFO  com.zaxxer.hikari.HikariDataSource - DateSourceHikariCP - Starting...
02:38:33.355 [http-nio-8888-exec-2] INFO  com.zaxxer.hikari.HikariDataSource - DateSourceHikariCP - Start completed.
02:40:07.174 [Thread-9] INFO  com.zaxxer.hikari.HikariDataSource - DateSourceHikariCP - Shutdown initiated...
02:40:07.184 [Thread-9] INFO  com.zaxxer.hikari.HikariDataSource - DateSourceHikariCP - Shutdown completed.
02:40:10.429 [main] INFO  cn.kollorsong.Application - Starting Application on localhost with PID 2271 (/Users/kollorsong/IdeaProjects/foodie/foodie-api/target/classes started by kollorsong in /Users/kollorsong/IdeaProjects/foodie)
02:40:10.430 [main] INFO  cn.kollorsong.Application - The following profiles are active: dev
02:40:11.288 [main] WARN  org.mybatis.spring.mapper.ClassPathMapperScanner - No MyBatis mapper was found in '[cn.kollorsong]' package. Please check your configuration.
02:40:11.801 [main] INFO  org.springframework.boot.web.embedded.tomcat.TomcatWebServer - Tomcat initialized with port(s): 8888 (http)
02:40:11.812 [main] INFO  org.apache.coyote.http11.Http11NioProtocol - Initializing ProtocolHandler ["http-nio-8888"]
02:40:11.820 [main] INFO  org.apache.catalina.core.StandardService - Starting service [Tomcat]
02:40:11.820 [main] INFO  org.apache.catalina.core.StandardEngine - Starting Servlet engine: [Apache Tomcat/9.0.19]
02:40:11.893 [main] INFO  org.apache.catalina.core.ContainerBase.[Tomcat].[localhost].[/foodie] - Initializing Spring embedded WebApplicationContext
02:40:11.894 [main] INFO  org.springframework.web.context.ContextLoader - Root WebApplicationContext: initialization completed in 1419 ms
02:40:13.054 [main] INFO  org.springframework.scheduling.concurrent.ThreadPoolTaskExecutor - Initializing ExecutorService 'applicationTaskExecutor'
02:40:13.198 [main] INFO  tk.mybatis.mapper.autoconfigure.MapperCacheDisabler - Clear tk.mybatis.mapper.util.MsUtil CLASS_CACHE cache.
02:40:13.199 [main] INFO  tk.mybatis.mapper.autoconfigure.MapperCacheDisabler - Clear tk.mybatis.mapper.genid.GenIdUtil CACHE cache.
02:40:13.199 [main] INFO  tk.mybatis.mapper.autoconfigure.MapperCacheDisabler - Clear tk.mybatis.mapper.version.VersionUtil CACHE cache.
02:40:13.200 [main] INFO  tk.mybatis.mapper.autoconfigure.MapperCacheDisabler - Clear EntityHelper entityTableMap cache.
02:40:13.363 [main] INFO  org.apache.coyote.http11.Http11NioProtocol - Starting ProtocolHandler ["http-nio-8888"]
02:40:13.399 [main] INFO  org.springframework.boot.web.embedded.tomcat.TomcatWebServer - Tomcat started on port(s): 8888 (http) with context path '/foodie'
02:40:13.404 [main] INFO  cn.kollorsong.Application - Started Application in 3.517 seconds (JVM running for 4.61)
02:40:17.164 [http-nio-8888-exec-2] INFO  org.apache.catalina.core.ContainerBase.[Tomcat].[localhost].[/foodie] - Initializing Spring DispatcherServlet 'dispatcherServlet'
02:40:17.164 [http-nio-8888-exec-2] INFO  org.springframework.web.servlet.DispatcherServlet - Initializing Servlet 'dispatcherServlet'
02:40:17.172 [http-nio-8888-exec-2] INFO  org.springframework.web.servlet.DispatcherServlet - Completed initialization in 8 ms
02:40:17.273 [http-nio-8888-exec-2] INFO  com.zaxxer.hikari.HikariDataSource - DateSourceHikariCP - Starting...
02:40:17.529 [http-nio-8888-exec-2] INFO  com.zaxxer.hikari.HikariDataSource - DateSourceHikariCP - Start completed.
02:41:44.730 [Thread-9] INFO  org.springframework.scheduling.concurrent.ThreadPoolTaskExecutor - Shutting down ExecutorService 'applicationTaskExecutor'
02:41:44.731 [Thread-9] INFO  com.zaxxer.hikari.HikariDataSource - DateSourceHikariCP - Shutdown initiated...
02:41:44.739 [Thread-9] INFO  com.zaxxer.hikari.HikariDataSource - DateSourceHikariCP - Shutdown completed.
02:41:48.043 [main] INFO  cn.kollorsong.Application - Starting Application on localhost with PID 2280 (/Users/kollorsong/IdeaProjects/foodie/foodie-api/target/classes started by kollorsong in /Users/kollorsong/IdeaProjects/foodie)
02:41:48.050 [main] INFO  cn.kollorsong.Application - The following profiles are active: dev
02:41:48.680 [main] WARN  org.mybatis.spring.mapper.ClassPathMapperScanner - No MyBatis mapper was found in '[cn.kollorsong]' package. Please check your configuration.
02:41:49.054 [main] INFO  org.springframework.boot.web.embedded.tomcat.TomcatWebServer - Tomcat initialized with port(s): 8888 (http)
02:41:49.065 [main] INFO  org.apache.coyote.http11.Http11NioProtocol - Initializing ProtocolHandler ["http-nio-8888"]
02:41:49.072 [main] INFO  org.apache.catalina.core.StandardService - Starting service [Tomcat]
02:41:49.072 [main] INFO  org.apache.catalina.core.StandardEngine - Starting Servlet engine: [Apache Tomcat/9.0.19]
02:41:49.140 [main] INFO  org.apache.catalina.core.ContainerBase.[Tomcat].[localhost].[/foodie] - Initializing Spring embedded WebApplicationContext
02:41:49.142 [main] INFO  org.springframework.web.context.ContextLoader - Root WebApplicationContext: initialization completed in 1050 ms
02:41:50.079 [main] INFO  org.springframework.scheduling.concurrent.ThreadPoolTaskExecutor - Initializing ExecutorService 'applicationTaskExecutor'
02:41:50.193 [main] INFO  tk.mybatis.mapper.autoconfigure.MapperCacheDisabler - Clear tk.mybatis.mapper.util.MsUtil CLASS_CACHE cache.
02:41:50.193 [main] INFO  tk.mybatis.mapper.autoconfigure.MapperCacheDisabler - Clear tk.mybatis.mapper.genid.GenIdUtil CACHE cache.
02:41:50.194 [main] INFO  tk.mybatis.mapper.autoconfigure.MapperCacheDisabler - Clear tk.mybatis.mapper.version.VersionUtil CACHE cache.
02:41:50.194 [main] INFO  tk.mybatis.mapper.autoconfigure.MapperCacheDisabler - Clear EntityHelper entityTableMap cache.
02:41:50.378 [main] INFO  org.apache.coyote.http11.Http11NioProtocol - Starting ProtocolHandler ["http-nio-8888"]
02:41:50.434 [main] INFO  org.springframework.boot.web.embedded.tomcat.TomcatWebServer - Tomcat started on port(s): 8888 (http) with context path '/foodie'
02:41:50.439 [main] INFO  cn.kollorsong.Application - Started Application in 2.864 seconds (JVM running for 3.975)
02:41:55.309 [http-nio-8888-exec-1] INFO  org.apache.catalina.core.ContainerBase.[Tomcat].[localhost].[/foodie] - Initializing Spring DispatcherServlet 'dispatcherServlet'
02:41:55.310 [http-nio-8888-exec-1] INFO  org.springframework.web.servlet.DispatcherServlet - Initializing Servlet 'dispatcherServlet'
02:41:55.323 [http-nio-8888-exec-1] INFO  org.springframework.web.servlet.DispatcherServlet - Completed initialization in 12 ms
02:41:55.487 [http-nio-8888-exec-1] INFO  com.zaxxer.hikari.HikariDataSource - DateSourceHikariCP - Starting...
02:41:55.814 [http-nio-8888-exec-1] INFO  com.zaxxer.hikari.HikariDataSource - DateSourceHikariCP - Start completed.
02:50:11.856 [Thread-8] INFO  org.springframework.scheduling.concurrent.ThreadPoolTaskExecutor - Shutting down ExecutorService 'applicationTaskExecutor'
02:50:11.857 [Thread-8] INFO  com.zaxxer.hikari.HikariDataSource - DateSourceHikariCP - Shutdown initiated...
02:50:11.863 [Thread-8] INFO  com.zaxxer.hikari.HikariDataSource - DateSourceHikariCP - Shutdown completed.
02:50:15.288 [main] INFO  cn.kollorsong.Application - Starting Application on localhost with PID 2322 (/Users/kollorsong/IdeaProjects/foodie/foodie-api/target/classes started by kollorsong in /Users/kollorsong/IdeaProjects/foodie)
02:50:15.296 [main] INFO  cn.kollorsong.Application - The following profiles are active: dev
02:50:15.962 [main] WARN  org.mybatis.spring.mapper.ClassPathMapperScanner - No MyBatis mapper was found in '[cn.kollorsong]' package. Please check your configuration.
02:50:16.333 [main] INFO  org.springframework.boot.web.embedded.tomcat.TomcatWebServer - Tomcat initialized with port(s): 8888 (http)
02:50:16.344 [main] INFO  org.apache.coyote.http11.Http11NioProtocol - Initializing ProtocolHandler ["http-nio-8888"]
02:50:16.351 [main] INFO  org.apache.catalina.core.StandardService - Starting service [Tomcat]
02:50:16.352 [main] INFO  org.apache.catalina.core.StandardEngine - Starting Servlet engine: [Apache Tomcat/9.0.19]
02:50:16.419 [main] INFO  org.apache.catalina.core.ContainerBase.[Tomcat].[localhost].[/foodie] - Initializing Spring embedded WebApplicationContext
02:50:16.420 [main] INFO  org.springframework.web.context.ContextLoader - Root WebApplicationContext: initialization completed in 1063 ms
02:50:17.290 [main] INFO  org.springframework.scheduling.concurrent.ThreadPoolTaskExecutor - Initializing ExecutorService 'applicationTaskExecutor'
02:50:17.378 [main] INFO  tk.mybatis.mapper.autoconfigure.MapperCacheDisabler - Clear tk.mybatis.mapper.util.MsUtil CLASS_CACHE cache.
02:50:17.379 [main] INFO  tk.mybatis.mapper.autoconfigure.MapperCacheDisabler - Clear tk.mybatis.mapper.genid.GenIdUtil CACHE cache.
02:50:17.379 [main] INFO  tk.mybatis.mapper.autoconfigure.MapperCacheDisabler - Clear tk.mybatis.mapper.version.VersionUtil CACHE cache.
02:50:17.379 [main] INFO  tk.mybatis.mapper.autoconfigure.MapperCacheDisabler - Clear EntityHelper entityTableMap cache.
02:50:17.493 [main] INFO  org.apache.coyote.http11.Http11NioProtocol - Starting ProtocolHandler ["http-nio-8888"]
02:50:17.518 [main] INFO  org.springframework.boot.web.embedded.tomcat.TomcatWebServer - Tomcat started on port(s): 8888 (http) with context path '/foodie'
02:50:17.521 [main] INFO  cn.kollorsong.Application - Started Application in 2.734 seconds (JVM running for 3.825)
02:52:32.065 [Thread-8] INFO  org.springframework.scheduling.concurrent.ThreadPoolTaskExecutor - Shutting down ExecutorService 'applicationTaskExecutor'
02:52:36.151 [main] INFO  cn.kollorsong.Application - Starting Application on localhost with PID 2353 (/Users/kollorsong/IdeaProjects/foodie/foodie-api/target/classes started by kollorsong in /Users/kollorsong/IdeaProjects/foodie)
02:52:36.160 [main] INFO  cn.kollorsong.Application - The following profiles are active: dev
02:52:37.148 [main] INFO  org.springframework.boot.web.embedded.tomcat.TomcatWebServer - Tomcat initialized with port(s): 8888 (http)
02:52:37.159 [main] INFO  org.apache.coyote.http11.Http11NioProtocol - Initializing ProtocolHandler ["http-nio-8888"]
02:52:37.166 [main] INFO  org.apache.catalina.core.StandardService - Starting service [Tomcat]
02:52:37.167 [main] INFO  org.apache.catalina.core.StandardEngine - Starting Servlet engine: [Apache Tomcat/9.0.19]
02:52:37.235 [main] INFO  org.apache.catalina.core.ContainerBase.[Tomcat].[localhost].[/foodie] - Initializing Spring embedded WebApplicationContext
02:52:37.235 [main] INFO  org.springframework.web.context.ContextLoader - Root WebApplicationContext: initialization completed in 1038 ms
02:52:38.077 [main] INFO  org.springframework.scheduling.concurrent.ThreadPoolTaskExecutor - Initializing ExecutorService 'applicationTaskExecutor'
02:52:38.164 [main] INFO  tk.mybatis.mapper.autoconfigure.MapperCacheDisabler - Clear tk.mybatis.mapper.util.MsUtil CLASS_CACHE cache.
02:52:38.224 [main] INFO  tk.mybatis.mapper.autoconfigure.MapperCacheDisabler - Clear tk.mybatis.mapper.genid.GenIdUtil CACHE cache.
02:52:38.225 [main] INFO  tk.mybatis.mapper.autoconfigure.MapperCacheDisabler - Clear tk.mybatis.mapper.version.VersionUtil CACHE cache.
02:52:38.225 [main] INFO  tk.mybatis.mapper.autoconfigure.MapperCacheDisabler - Clear EntityHelper entityTableMap cache.
02:52:38.346 [main] INFO  org.apache.coyote.http11.Http11NioProtocol - Starting ProtocolHandler ["http-nio-8888"]
02:52:38.369 [main] INFO  org.springframework.boot.web.embedded.tomcat.TomcatWebServer - Tomcat started on port(s): 8888 (http) with context path '/foodie'
02:52:38.373 [main] INFO  cn.kollorsong.Application - Started Application in 2.68 seconds (JVM running for 3.68)
02:54:54.571 [Thread-8] INFO  org.springframework.scheduling.concurrent.ThreadPoolTaskExecutor - Shutting down ExecutorService 'applicationTaskExecutor'
02:55:00.181 [main] INFO  cn.kollorsong.Application - Starting Application on localhost with PID 2365 (/Users/kollorsong/IdeaProjects/foodie/foodie-api/target/classes started by kollorsong in /Users/kollorsong/IdeaProjects/foodie)
02:55:00.210 [main] INFO  cn.kollorsong.Application - The following profiles are active: dev
02:55:01.370 [main] INFO  org.springframework.boot.web.embedded.tomcat.TomcatWebServer - Tomcat initialized with port(s): 8888 (http)
02:55:01.382 [main] INFO  org.apache.coyote.http11.Http11NioProtocol - Initializing ProtocolHandler ["http-nio-8888"]
02:55:01.389 [main] INFO  org.apache.catalina.core.StandardService - Starting service [Tomcat]
02:55:01.389 [main] INFO  org.apache.catalina.core.StandardEngine - Starting Servlet engine: [Apache Tomcat/9.0.19]
02:55:01.458 [main] INFO  org.apache.catalina.core.ContainerBase.[Tomcat].[localhost].[/foodie] - Initializing Spring embedded WebApplicationContext
02:55:01.458 [main] INFO  org.springframework.web.context.ContextLoader - Root WebApplicationContext: initialization completed in 1189 ms
02:55:02.364 [main] INFO  org.springframework.scheduling.concurrent.ThreadPoolTaskExecutor - Initializing ExecutorService 'applicationTaskExecutor'
02:55:02.472 [main] INFO  tk.mybatis.mapper.autoconfigure.MapperCacheDisabler - Clear tk.mybatis.mapper.util.MsUtil CLASS_CACHE cache.
02:55:02.473 [main] INFO  tk.mybatis.mapper.autoconfigure.MapperCacheDisabler - Clear tk.mybatis.mapper.genid.GenIdUtil CACHE cache.
02:55:02.474 [main] INFO  tk.mybatis.mapper.autoconfigure.MapperCacheDisabler - Clear tk.mybatis.mapper.version.VersionUtil CACHE cache.
02:55:02.474 [main] INFO  tk.mybatis.mapper.autoconfigure.MapperCacheDisabler - Clear EntityHelper entityTableMap cache.
02:55:02.601 [main] INFO  org.apache.coyote.http11.Http11NioProtocol - Starting ProtocolHandler ["http-nio-8888"]
02:55:02.626 [main] INFO  org.springframework.boot.web.embedded.tomcat.TomcatWebServer - Tomcat started on port(s): 8888 (http) with context path '/foodie'
02:55:02.630 [main] INFO  cn.kollorsong.Application - Started Application in 3.05 seconds (JVM running for 4.565)
03:07:44.022 [Thread-9] INFO  org.springframework.scheduling.concurrent.ThreadPoolTaskExecutor - Shutting down ExecutorService 'applicationTaskExecutor'
03:07:47.121 [main] INFO  cn.kollorsong.Application - Starting Application on localhost with PID 2429 (/Users/kollorsong/IdeaProjects/foodie/foodie-api/target/classes started by kollorsong in /Users/kollorsong/IdeaProjects/foodie)
03:07:47.133 [main] INFO  cn.kollorsong.Application - The following profiles are active: dev
03:07:48.189 [main] INFO  org.springframework.boot.web.embedded.tomcat.TomcatWebServer - Tomcat initialized with port(s): 8888 (http)
03:07:48.201 [main] INFO  org.apache.coyote.http11.Http11NioProtocol - Initializing ProtocolHandler ["http-nio-8888"]
03:07:48.207 [main] INFO  org.apache.catalina.core.StandardService - Starting service [Tomcat]
03:07:48.208 [main] INFO  org.apache.catalina.core.StandardEngine - Starting Servlet engine: [Apache Tomcat/9.0.19]
03:07:48.278 [main] INFO  org.apache.catalina.core.ContainerBase.[Tomcat].[localhost].[/foodie] - Initializing Spring embedded WebApplicationContext
03:07:48.278 [main] INFO  org.springframework.web.context.ContextLoader - Root WebApplicationContext: initialization completed in 1087 ms
03:07:49.133 [main] INFO  org.springframework.scheduling.concurrent.ThreadPoolTaskExecutor - Initializing ExecutorService 'applicationTaskExecutor'
03:07:49.221 [main] INFO  tk.mybatis.mapper.autoconfigure.MapperCacheDisabler - Clear tk.mybatis.mapper.util.MsUtil CLASS_CACHE cache.
03:07:49.221 [main] INFO  tk.mybatis.mapper.autoconfigure.MapperCacheDisabler - Clear tk.mybatis.mapper.genid.GenIdUtil CACHE cache.
03:07:49.222 [main] INFO  tk.mybatis.mapper.autoconfigure.MapperCacheDisabler - Clear tk.mybatis.mapper.version.VersionUtil CACHE cache.
03:07:49.222 [main] INFO  tk.mybatis.mapper.autoconfigure.MapperCacheDisabler - Clear EntityHelper entityTableMap cache.
03:07:49.351 [main] INFO  org.apache.coyote.http11.Http11NioProtocol - Starting ProtocolHandler ["http-nio-8888"]
03:07:49.375 [main] INFO  org.springframework.boot.web.embedded.tomcat.TomcatWebServer - Tomcat started on port(s): 8888 (http) with context path '/foodie'
03:07:49.379 [main] INFO  cn.kollorsong.Application - Started Application in 2.716 seconds (JVM running for 3.706)
03:17:44.299 [Thread-8] INFO  org.springframework.scheduling.concurrent.ThreadPoolTaskExecutor - Shutting down ExecutorService 'applicationTaskExecutor'
03:17:47.948 [main] INFO  cn.kollorsong.Application - Starting Application on localhost with PID 2480 (/Users/kollorsong/IdeaProjects/foodie/foodie-api/target/classes started by kollorsong in /Users/kollorsong/IdeaProjects/foodie)
03:17:47.953 [main] INFO  cn.kollorsong.Application - The following profiles are active: dev
03:17:48.870 [main] INFO  org.springframework.boot.web.embedded.tomcat.TomcatWebServer - Tomcat initialized with port(s): 8888 (http)
03:17:48.881 [main] INFO  org.apache.coyote.http11.Http11NioProtocol - Initializing ProtocolHandler ["http-nio-8888"]
03:17:48.888 [main] INFO  org.apache.catalina.core.StandardService - Starting service [Tomcat]
03:17:48.889 [main] INFO  org.apache.catalina.core.StandardEngine - Starting Servlet engine: [Apache Tomcat/9.0.19]
03:17:49.007 [main] INFO  org.apache.catalina.core.ContainerBase.[Tomcat].[localhost].[/foodie] - Initializing Spring embedded WebApplicationContext
03:17:49.007 [main] INFO  org.springframework.web.context.ContextLoader - Root WebApplicationContext: initialization completed in 1022 ms
03:17:49.814 [main] INFO  org.springframework.scheduling.concurrent.ThreadPoolTaskExecutor - Initializing ExecutorService 'applicationTaskExecutor'
03:17:49.903 [main] INFO  tk.mybatis.mapper.autoconfigure.MapperCacheDisabler - Clear tk.mybatis.mapper.util.MsUtil CLASS_CACHE cache.
03:17:49.903 [main] INFO  tk.mybatis.mapper.autoconfigure.MapperCacheDisabler - Clear tk.mybatis.mapper.genid.GenIdUtil CACHE cache.
03:17:49.904 [main] INFO  tk.mybatis.mapper.autoconfigure.MapperCacheDisabler - Clear tk.mybatis.mapper.version.VersionUtil CACHE cache.
03:17:49.904 [main] INFO  tk.mybatis.mapper.autoconfigure.MapperCacheDisabler - Clear EntityHelper entityTableMap cache.
03:17:50.023 [main] INFO  org.apache.coyote.http11.Http11NioProtocol - Starting ProtocolHandler ["http-nio-8888"]
03:17:50.047 [main] INFO  org.springframework.boot.web.embedded.tomcat.TomcatWebServer - Tomcat started on port(s): 8888 (http) with context path '/foodie'
03:17:50.050 [main] INFO  cn.kollorsong.Application - Started Application in 3.005 seconds (JVM running for 3.885)
03:19:43.444 [Thread-9] INFO  org.springframework.scheduling.concurrent.ThreadPoolTaskExecutor - Shutting down ExecutorService 'applicationTaskExecutor'
03:19:46.513 [main] INFO  cn.kollorsong.Application - Starting Application on localhost with PID 2491 (/Users/kollorsong/IdeaProjects/foodie/foodie-api/target/classes started by kollorsong in /Users/kollorsong/IdeaProjects/foodie)
03:19:46.519 [main] INFO  cn.kollorsong.Application - The following profiles are active: dev
03:19:47.529 [main] INFO  org.springframework.boot.web.embedded.tomcat.TomcatWebServer - Tomcat initialized with port(s): 8888 (http)
03:19:47.540 [main] INFO  org.apache.coyote.http11.Http11NioProtocol - Initializing ProtocolHandler ["http-nio-8888"]
03:19:47.547 [main] INFO  org.apache.catalina.core.StandardService - Starting service [Tomcat]
03:19:47.548 [main] INFO  org.apache.catalina.core.StandardEngine - Starting Servlet engine: [Apache Tomcat/9.0.19]
03:19:47.683 [main] INFO  org.apache.catalina.core.ContainerBase.[Tomcat].[localhost].[/foodie] - Initializing Spring embedded WebApplicationContext
03:19:47.683 [main] INFO  org.springframework.web.context.ContextLoader - Root WebApplicationContext: initialization completed in 1125 ms
03:19:48.626 [main] INFO  org.springframework.scheduling.concurrent.ThreadPoolTaskExecutor - Initializing ExecutorService 'applicationTaskExecutor'
03:19:48.714 [main] INFO  tk.mybatis.mapper.autoconfigure.MapperCacheDisabler - Clear tk.mybatis.mapper.util.MsUtil CLASS_CACHE cache.
03:19:48.715 [main] INFO  tk.mybatis.mapper.autoconfigure.MapperCacheDisabler - Clear tk.mybatis.mapper.genid.GenIdUtil CACHE cache.
03:19:48.715 [main] INFO  tk.mybatis.mapper.autoconfigure.MapperCacheDisabler - Clear tk.mybatis.mapper.version.VersionUtil CACHE cache.
03:19:48.716 [main] INFO  tk.mybatis.mapper.autoconfigure.MapperCacheDisabler - Clear EntityHelper entityTableMap cache.
03:19:48.841 [main] INFO  org.apache.coyote.http11.Http11NioProtocol - Starting ProtocolHandler ["http-nio-8888"]
03:19:48.865 [main] INFO  org.springframework.boot.web.embedded.tomcat.TomcatWebServer - Tomcat started on port(s): 8888 (http) with context path '/foodie'
03:19:48.868 [main] INFO  cn.kollorsong.Application - Started Application in 3.062 seconds (JVM running for 3.928)
03:21:17.405 [Thread-10] INFO  org.springframework.scheduling.concurrent.ThreadPoolTaskExecutor - Shutting down ExecutorService 'applicationTaskExecutor'
03:21:20.877 [main] INFO  cn.kollorsong.Application - Starting Application on localhost with PID 2500 (/Users/kollorsong/IdeaProjects/foodie/foodie-api/target/classes started by kollorsong in /Users/kollorsong/IdeaProjects/foodie)
03:21:20.890 [main] INFO  cn.kollorsong.Application - The following profiles are active: dev
03:21:21.944 [main] INFO  org.springframework.boot.web.embedded.tomcat.TomcatWebServer - Tomcat initialized with port(s): 8888 (http)
03:21:21.957 [main] INFO  org.apache.coyote.http11.Http11NioProtocol - Initializing ProtocolHandler ["http-nio-8888"]
03:21:21.965 [main] INFO  org.apache.catalina.core.StandardService - Starting service [Tomcat]
03:21:21.965 [main] INFO  org.apache.catalina.core.StandardEngine - Starting Servlet engine: [Apache Tomcat/9.0.19]
03:21:22.042 [main] INFO  org.apache.catalina.core.ContainerBase.[Tomcat].[localhost].[/foodie] - Initializing Spring embedded WebApplicationContext
03:21:22.042 [main] INFO  org.springframework.web.context.ContextLoader - Root WebApplicationContext: initialization completed in 1101 ms
03:21:22.923 [main] INFO  org.springframework.scheduling.concurrent.ThreadPoolTaskExecutor - Initializing ExecutorService 'applicationTaskExecutor'
03:21:23.011 [main] INFO  tk.mybatis.mapper.autoconfigure.MapperCacheDisabler - Clear tk.mybatis.mapper.util.MsUtil CLASS_CACHE cache.
03:21:23.012 [main] INFO  tk.mybatis.mapper.autoconfigure.MapperCacheDisabler - Clear tk.mybatis.mapper.genid.GenIdUtil CACHE cache.
03:21:23.013 [main] INFO  tk.mybatis.mapper.autoconfigure.MapperCacheDisabler - Clear tk.mybatis.mapper.version.VersionUtil CACHE cache.
03:21:23.013 [main] INFO  tk.mybatis.mapper.autoconfigure.MapperCacheDisabler - Clear EntityHelper entityTableMap cache.
03:21:23.140 [main] INFO  org.apache.coyote.http11.Http11NioProtocol - Starting ProtocolHandler ["http-nio-8888"]
03:21:23.164 [main] INFO  org.springframework.boot.web.embedded.tomcat.TomcatWebServer - Tomcat started on port(s): 8888 (http) with context path '/foodie'
03:21:23.167 [main] INFO  cn.kollorsong.Application - Started Application in 2.802 seconds (JVM running for 3.787)
03:23:45.080 [Thread-8] INFO  org.springframework.scheduling.concurrent.ThreadPoolTaskExecutor - Shutting down ExecutorService 'applicationTaskExecutor'
03:23:48.556 [main] INFO  cn.kollorsong.Application - Starting Application on localhost with PID 2513 (/Users/kollorsong/IdeaProjects/foodie/foodie-api/target/classes started by kollorsong in /Users/kollorsong/IdeaProjects/foodie)
03:23:48.565 [main] INFO  cn.kollorsong.Application - The following profiles are active: dev
03:23:49.609 [main] INFO  org.springframework.boot.web.embedded.tomcat.TomcatWebServer - Tomcat initialized with port(s): 8888 (http)
03:23:49.620 [main] INFO  org.apache.coyote.http11.Http11NioProtocol - Initializing ProtocolHandler ["http-nio-8888"]
03:23:49.627 [main] INFO  org.apache.catalina.core.StandardService - Starting service [Tomcat]
03:23:49.628 [main] INFO  org.apache.catalina.core.StandardEngine - Starting Servlet engine: [Apache Tomcat/9.0.19]
03:23:49.696 [main] INFO  org.apache.catalina.core.ContainerBase.[Tomcat].[localhost].[/foodie] - Initializing Spring embedded WebApplicationContext
03:23:49.696 [main] INFO  org.springframework.web.context.ContextLoader - Root WebApplicationContext: initialization completed in 1085 ms
03:23:50.639 [main] INFO  org.springframework.scheduling.concurrent.ThreadPoolTaskExecutor - Initializing ExecutorService 'applicationTaskExecutor'
03:23:50.727 [main] INFO  tk.mybatis.mapper.autoconfigure.MapperCacheDisabler - Clear tk.mybatis.mapper.util.MsUtil CLASS_CACHE cache.
03:23:50.727 [main] INFO  tk.mybatis.mapper.autoconfigure.MapperCacheDisabler - Clear tk.mybatis.mapper.genid.GenIdUtil CACHE cache.
03:23:50.728 [main] INFO  tk.mybatis.mapper.autoconfigure.MapperCacheDisabler - Clear tk.mybatis.mapper.version.VersionUtil CACHE cache.
03:23:50.728 [main] INFO  tk.mybatis.mapper.autoconfigure.MapperCacheDisabler - Clear EntityHelper entityTableMap cache.
03:23:50.858 [main] INFO  org.apache.coyote.http11.Http11NioProtocol - Starting ProtocolHandler ["http-nio-8888"]
03:23:50.883 [main] INFO  org.springframework.boot.web.embedded.tomcat.TomcatWebServer - Tomcat started on port(s): 8888 (http) with context path '/foodie'
03:23:50.887 [main] INFO  cn.kollorsong.Application - Started Application in 2.933 seconds (JVM running for 3.841)
03:24:14.364 [Thread-8] INFO  org.springframework.scheduling.concurrent.ThreadPoolTaskExecutor - Shutting down ExecutorService 'applicationTaskExecutor'
03:24:17.192 [main] INFO  cn.kollorsong.Application - Starting Application on localhost with PID 2517 (/Users/kollorsong/IdeaProjects/foodie/foodie-api/target/classes started by kollorsong in /Users/kollorsong/IdeaProjects/foodie)
03:24:17.197 [main] INFO  cn.kollorsong.Application - The following profiles are active: dev
03:24:18.182 [main] INFO  org.springframework.boot.web.embedded.tomcat.TomcatWebServer - Tomcat initialized with port(s): 8888 (http)
03:24:18.193 [main] INFO  org.apache.coyote.http11.Http11NioProtocol - Initializing ProtocolHandler ["http-nio-8888"]
03:24:18.200 [main] INFO  org.apache.catalina.core.StandardService - Starting service [Tomcat]
03:24:18.201 [main] INFO  org.apache.catalina.core.StandardEngine - Starting Servlet engine: [Apache Tomcat/9.0.19]
03:24:18.269 [main] INFO  org.apache.catalina.core.ContainerBase.[Tomcat].[localhost].[/foodie] - Initializing Spring embedded WebApplicationContext
03:24:18.269 [main] INFO  org.springframework.web.context.ContextLoader - Root WebApplicationContext: initialization completed in 1025 ms
03:24:19.132 [main] INFO  org.springframework.scheduling.concurrent.ThreadPoolTaskExecutor - Initializing ExecutorService 'applicationTaskExecutor'
03:24:19.219 [main] INFO  tk.mybatis.mapper.autoconfigure.MapperCacheDisabler - Clear tk.mybatis.mapper.util.MsUtil CLASS_CACHE cache.
03:24:19.220 [main] INFO  tk.mybatis.mapper.autoconfigure.MapperCacheDisabler - Clear tk.mybatis.mapper.genid.GenIdUtil CACHE cache.
03:24:19.220 [main] INFO  tk.mybatis.mapper.autoconfigure.MapperCacheDisabler - Clear tk.mybatis.mapper.version.VersionUtil CACHE cache.
03:24:19.221 [main] INFO  tk.mybatis.mapper.autoconfigure.MapperCacheDisabler - Clear EntityHelper entityTableMap cache.
03:24:19.351 [main] INFO  org.apache.coyote.http11.Http11NioProtocol - Starting ProtocolHandler ["http-nio-8888"]
03:24:19.375 [main] INFO  org.springframework.boot.web.embedded.tomcat.TomcatWebServer - Tomcat started on port(s): 8888 (http) with context path '/foodie'
03:24:19.378 [main] INFO  cn.kollorsong.Application - Started Application in 2.604 seconds (JVM running for 3.437)
03:24:41.748 [Thread-8] INFO  org.springframework.scheduling.concurrent.ThreadPoolTaskExecutor - Shutting down ExecutorService 'applicationTaskExecutor'
03:24:45.080 [main] ERROR org.springframework.boot.SpringApplication - Application run failed
java.lang.IllegalStateException: Cannot bind to SpringApplication
	at org.springframework.boot.SpringApplication.bindToSpringApplication(SpringApplication.java:560) [spring-boot-2.1.5.RELEASE.jar:2.1.5.RELEASE]
	at org.springframework.boot.SpringApplication.prepareEnvironment(SpringApplication.java:348) [spring-boot-2.1.5.RELEASE.jar:2.1.5.RELEASE]
	at org.springframework.boot.SpringApplication.run(SpringApplication.java:306) [spring-boot-2.1.5.RELEASE.jar:2.1.5.RELEASE]
	at org.springframework.boot.SpringApplication.run(SpringApplication.java:1260) [spring-boot-2.1.5.RELEASE.jar:2.1.5.RELEASE]
	at org.springframework.boot.SpringApplication.run(SpringApplication.java:1248) [spring-boot-2.1.5.RELEASE.jar:2.1.5.RELEASE]
	at cn.kollorsong.Application.main(Application.java:14) [classes/:?]
Caused by: org.springframework.boot.context.properties.bind.BindException: Failed to bind properties under 'spring.main.banner-mode' to org.springframework.boot.Banner$Mode
	at org.springframework.boot.context.properties.bind.Binder.handleBindError(Binder.java:249) ~[spring-boot-2.1.5.RELEASE.jar:2.1.5.RELEASE]
	at org.springframework.boot.context.properties.bind.Binder.bind(Binder.java:225) ~[spring-boot-2.1.5.RELEASE.jar:2.1.5.RELEASE]
	at org.springframework.boot.context.properties.bind.Binder.lambda$bindBean$3(Binder.java:336) ~[spring-boot-2.1.5.RELEASE.jar:2.1.5.RELEASE]
	at org.springframework.boot.context.properties.bind.JavaBeanBinder.bind(JavaBeanBinder.java:83) ~[spring-boot-2.1.5.RELEASE.jar:2.1.5.RELEASE]
	at org.springframework.boot.context.properties.bind.JavaBeanBinder.bind(JavaBeanBinder.java:72) ~[spring-boot-2.1.5.RELEASE.jar:2.1.5.RELEASE]
	at org.springframework.boot.context.properties.bind.JavaBeanBinder.bind(JavaBeanBinder.java:54) ~[spring-boot-2.1.5.RELEASE.jar:2.1.5.RELEASE]
	at org.springframework.boot.context.properties.bind.Binder.lambda$null$4(Binder.java:344) ~[spring-boot-2.1.5.RELEASE.jar:2.1.5.RELEASE]
	at java.util.stream.ReferencePipeline$3$1.accept(ReferencePipeline.java:193) ~[?:1.8.0_333]
	at java.util.ArrayList$ArrayListSpliterator.tryAdvance(ArrayList.java:1361) ~[?:1.8.0_333]
	at java.util.stream.ReferencePipeline.forEachWithCancel(ReferencePipeline.java:126) ~[?:1.8.0_333]
	at java.util.stream.AbstractPipeline.copyIntoWithCancel(AbstractPipeline.java:499) ~[?:1.8.0_333]
	at java.util.stream.AbstractPipeline.copyInto(AbstractPipeline.java:486) ~[?:1.8.0_333]
	at java.util.stream.AbstractPipeline.wrapAndCopyInto(AbstractPipeline.java:472) ~[?:1.8.0_333]
	at java.util.stream.FindOps$FindOp.evaluateSequential(FindOps.java:152) ~[?:1.8.0_333]
	at java.util.stream.AbstractPipeline.evaluate(AbstractPipeline.java:234) ~[?:1.8.0_333]
	at java.util.stream.ReferencePipeline.findFirst(ReferencePipeline.java:464) ~[?:1.8.0_333]
	at org.springframework.boot.context.properties.bind.Binder.lambda$bindBean$5(Binder.java:345) ~[spring-boot-2.1.5.RELEASE.jar:2.1.5.RELEASE]
	at org.springframework.boot.context.properties.bind.Binder$Context.withIncreasedDepth(Binder.java:448) ~[spring-boot-2.1.5.RELEASE.jar:2.1.5.RELEASE]
	at org.springframework.boot.context.properties.bind.Binder$Context.withBean(Binder.java:434) ~[spring-boot-2.1.5.RELEASE.jar:2.1.5.RELEASE]
	at org.springframework.boot.context.properties.bind.Binder$Context.access$400(Binder.java:388) ~[spring-boot-2.1.5.RELEASE.jar:2.1.5.RELEASE]
	at org.springframework.boot.context.properties.bind.Binder.bindBean(Binder.java:342) ~[spring-boot-2.1.5.RELEASE.jar:2.1.5.RELEASE]
	at org.springframework.boot.context.properties.bind.Binder.bindObject(Binder.java:277) ~[spring-boot-2.1.5.RELEASE.jar:2.1.5.RELEASE]
	at org.springframework.boot.context.properties.bind.Binder.bind(Binder.java:220) ~[spring-boot-2.1.5.RELEASE.jar:2.1.5.RELEASE]
	at org.springframework.boot.context.properties.bind.Binder.bind(Binder.java:208) ~[spring-boot-2.1.5.RELEASE.jar:2.1.5.RELEASE]
	at org.springframework.boot.context.properties.bind.Binder.bind(Binder.java:164) ~[spring-boot-2.1.5.RELEASE.jar:2.1.5.RELEASE]
	at org.springframework.boot.SpringApplication.bindToSpringApplication(SpringApplication.java:557) ~[spring-boot-2.1.5.RELEASE.jar:2.1.5.RELEASE]
	... 5 more
Caused by: org.springframework.core.convert.ConverterNotFoundException: No converter found capable of converting from type [java.lang.Boolean] to type [org.springframework.boot.Banner$Mode]
	at org.springframework.core.convert.support.GenericConversionService.handleConverterNotFound(GenericConversionService.java:321) ~[spring-core-5.1.7.RELEASE.jar:5.1.7.RELEASE]
	at org.springframework.core.convert.support.GenericConversionService.convert(GenericConversionService.java:194) ~[spring-core-5.1.7.RELEASE.jar:5.1.7.RELEASE]
	at org.springframework.boot.context.properties.bind.BindConverter$CompositeConversionService.convert(BindConverter.java:177) ~[spring-boot-2.1.5.RELEASE.jar:2.1.5.RELEASE]
	at org.springframework.boot.context.properties.bind.BindConverter.convert(BindConverter.java:98) ~[spring-boot-2.1.5.RELEASE.jar:2.1.5.RELEASE]
	at org.springframework.boot.context.properties.bind.BindConverter.convert(BindConverter.java:90) ~[spring-boot-2.1.5.RELEASE.jar:2.1.5.RELEASE]
	at org.springframework.boot.context.properties.bind.Binder.bindProperty(Binder.java:326) ~[spring-boot-2.1.5.RELEASE.jar:2.1.5.RELEASE]
	at org.springframework.boot.context.properties.bind.Binder.bindObject(Binder.java:265) ~[spring-boot-2.1.5.RELEASE.jar:2.1.5.RELEASE]
	at org.springframework.boot.context.properties.bind.Binder.bind(Binder.java:220) ~[spring-boot-2.1.5.RELEASE.jar:2.1.5.RELEASE]
	at org.springframework.boot.context.properties.bind.Binder.lambda$bindBean$3(Binder.java:336) ~[spring-boot-2.1.5.RELEASE.jar:2.1.5.RELEASE]
	at org.springframework.boot.context.properties.bind.JavaBeanBinder.bind(JavaBeanBinder.java:83) ~[spring-boot-2.1.5.RELEASE.jar:2.1.5.RELEASE]
	at org.springframework.boot.context.properties.bind.JavaBeanBinder.bind(JavaBeanBinder.java:72) ~[spring-boot-2.1.5.RELEASE.jar:2.1.5.RELEASE]
	at org.springframework.boot.context.properties.bind.JavaBeanBinder.bind(JavaBeanBinder.java:54) ~[spring-boot-2.1.5.RELEASE.jar:2.1.5.RELEASE]
	at org.springframework.boot.context.properties.bind.Binder.lambda$null$4(Binder.java:344) ~[spring-boot-2.1.5.RELEASE.jar:2.1.5.RELEASE]
	at java.util.stream.ReferencePipeline$3$1.accept(ReferencePipeline.java:193) ~[?:1.8.0_333]
	at java.util.ArrayList$ArrayListSpliterator.tryAdvance(ArrayList.java:1361) ~[?:1.8.0_333]
	at java.util.stream.ReferencePipeline.forEachWithCancel(ReferencePipeline.java:126) ~[?:1.8.0_333]
	at java.util.stream.AbstractPipeline.copyIntoWithCancel(AbstractPipeline.java:499) ~[?:1.8.0_333]
	at java.util.stream.AbstractPipeline.copyInto(AbstractPipeline.java:486) ~[?:1.8.0_333]
	at java.util.stream.AbstractPipeline.wrapAndCopyInto(AbstractPipeline.java:472) ~[?:1.8.0_333]
	at java.util.stream.FindOps$FindOp.evaluateSequential(FindOps.java:152) ~[?:1.8.0_333]
	at java.util.stream.AbstractPipeline.evaluate(AbstractPipeline.java:234) ~[?:1.8.0_333]
	at java.util.stream.ReferencePipeline.findFirst(ReferencePipeline.java:464) ~[?:1.8.0_333]
	at org.springframework.boot.context.properties.bind.Binder.lambda$bindBean$5(Binder.java:345) ~[spring-boot-2.1.5.RELEASE.jar:2.1.5.RELEASE]
	at org.springframework.boot.context.properties.bind.Binder$Context.withIncreasedDepth(Binder.java:448) ~[spring-boot-2.1.5.RELEASE.jar:2.1.5.RELEASE]
	at org.springframework.boot.context.properties.bind.Binder$Context.withBean(Binder.java:434) ~[spring-boot-2.1.5.RELEASE.jar:2.1.5.RELEASE]
	at org.springframework.boot.context.properties.bind.Binder$Context.access$400(Binder.java:388) ~[spring-boot-2.1.5.RELEASE.jar:2.1.5.RELEASE]
	at org.springframework.boot.context.properties.bind.Binder.bindBean(Binder.java:342) ~[spring-boot-2.1.5.RELEASE.jar:2.1.5.RELEASE]
	at org.springframework.boot.context.properties.bind.Binder.bindObject(Binder.java:277) ~[spring-boot-2.1.5.RELEASE.jar:2.1.5.RELEASE]
	at org.springframework.boot.context.properties.bind.Binder.bind(Binder.java:220) ~[spring-boot-2.1.5.RELEASE.jar:2.1.5.RELEASE]
	at org.springframework.boot.context.properties.bind.Binder.bind(Binder.java:208) ~[spring-boot-2.1.5.RELEASE.jar:2.1.5.RELEASE]
	at org.springframework.boot.context.properties.bind.Binder.bind(Binder.java:164) ~[spring-boot-2.1.5.RELEASE.jar:2.1.5.RELEASE]
	at org.springframework.boot.SpringApplication.bindToSpringApplication(SpringApplication.java:557) ~[spring-boot-2.1.5.RELEASE.jar:2.1.5.RELEASE]
	... 5 more
03:24:59.447 [main] ERROR org.springframework.boot.SpringApplication - Application run failed
java.lang.IllegalStateException: Cannot bind to SpringApplication
	at org.springframework.boot.SpringApplication.bindToSpringApplication(SpringApplication.java:560) [spring-boot-2.1.5.RELEASE.jar:2.1.5.RELEASE]
	at org.springframework.boot.SpringApplication.prepareEnvironment(SpringApplication.java:348) [spring-boot-2.1.5.RELEASE.jar:2.1.5.RELEASE]
	at org.springframework.boot.SpringApplication.run(SpringApplication.java:306) [spring-boot-2.1.5.RELEASE.jar:2.1.5.RELEASE]
	at org.springframework.boot.SpringApplication.run(SpringApplication.java:1260) [spring-boot-2.1.5.RELEASE.jar:2.1.5.RELEASE]
	at org.springframework.boot.SpringApplication.run(SpringApplication.java:1248) [spring-boot-2.1.5.RELEASE.jar:2.1.5.RELEASE]
	at cn.kollorsong.Application.main(Application.java:14) [classes/:?]
Caused by: org.springframework.boot.context.properties.bind.BindException: Failed to bind properties under 'spring.main.banner-mode' to org.springframework.boot.Banner$Mode
	at org.springframework.boot.context.properties.bind.Binder.handleBindError(Binder.java:249) ~[spring-boot-2.1.5.RELEASE.jar:2.1.5.RELEASE]
	at org.springframework.boot.context.properties.bind.Binder.bind(Binder.java:225) ~[spring-boot-2.1.5.RELEASE.jar:2.1.5.RELEASE]
	at org.springframework.boot.context.properties.bind.Binder.lambda$bindBean$3(Binder.java:336) ~[spring-boot-2.1.5.RELEASE.jar:2.1.5.RELEASE]
	at org.springframework.boot.context.properties.bind.JavaBeanBinder.bind(JavaBeanBinder.java:83) ~[spring-boot-2.1.5.RELEASE.jar:2.1.5.RELEASE]
	at org.springframework.boot.context.properties.bind.JavaBeanBinder.bind(JavaBeanBinder.java:72) ~[spring-boot-2.1.5.RELEASE.jar:2.1.5.RELEASE]
	at org.springframework.boot.context.properties.bind.JavaBeanBinder.bind(JavaBeanBinder.java:54) ~[spring-boot-2.1.5.RELEASE.jar:2.1.5.RELEASE]
	at org.springframework.boot.context.properties.bind.Binder.lambda$null$4(Binder.java:344) ~[spring-boot-2.1.5.RELEASE.jar:2.1.5.RELEASE]
	at java.util.stream.ReferencePipeline$3$1.accept(ReferencePipeline.java:193) ~[?:1.8.0_333]
	at java.util.ArrayList$ArrayListSpliterator.tryAdvance(ArrayList.java:1361) ~[?:1.8.0_333]
	at java.util.stream.ReferencePipeline.forEachWithCancel(ReferencePipeline.java:126) ~[?:1.8.0_333]
	at java.util.stream.AbstractPipeline.copyIntoWithCancel(AbstractPipeline.java:499) ~[?:1.8.0_333]
	at java.util.stream.AbstractPipeline.copyInto(AbstractPipeline.java:486) ~[?:1.8.0_333]
	at java.util.stream.AbstractPipeline.wrapAndCopyInto(AbstractPipeline.java:472) ~[?:1.8.0_333]
	at java.util.stream.FindOps$FindOp.evaluateSequential(FindOps.java:152) ~[?:1.8.0_333]
	at java.util.stream.AbstractPipeline.evaluate(AbstractPipeline.java:234) ~[?:1.8.0_333]
	at java.util.stream.ReferencePipeline.findFirst(ReferencePipeline.java:464) ~[?:1.8.0_333]
	at org.springframework.boot.context.properties.bind.Binder.lambda$bindBean$5(Binder.java:345) ~[spring-boot-2.1.5.RELEASE.jar:2.1.5.RELEASE]
	at org.springframework.boot.context.properties.bind.Binder$Context.withIncreasedDepth(Binder.java:448) ~[spring-boot-2.1.5.RELEASE.jar:2.1.5.RELEASE]
	at org.springframework.boot.context.properties.bind.Binder$Context.withBean(Binder.java:434) ~[spring-boot-2.1.5.RELEASE.jar:2.1.5.RELEASE]
	at org.springframework.boot.context.properties.bind.Binder$Context.access$400(Binder.java:388) ~[spring-boot-2.1.5.RELEASE.jar:2.1.5.RELEASE]
	at org.springframework.boot.context.properties.bind.Binder.bindBean(Binder.java:342) ~[spring-boot-2.1.5.RELEASE.jar:2.1.5.RELEASE]
	at org.springframework.boot.context.properties.bind.Binder.bindObject(Binder.java:277) ~[spring-boot-2.1.5.RELEASE.jar:2.1.5.RELEASE]
	at org.springframework.boot.context.properties.bind.Binder.bind(Binder.java:220) ~[spring-boot-2.1.5.RELEASE.jar:2.1.5.RELEASE]
	at org.springframework.boot.context.properties.bind.Binder.bind(Binder.java:208) ~[spring-boot-2.1.5.RELEASE.jar:2.1.5.RELEASE]
	at org.springframework.boot.context.properties.bind.Binder.bind(Binder.java:164) ~[spring-boot-2.1.5.RELEASE.jar:2.1.5.RELEASE]
	at org.springframework.boot.SpringApplication.bindToSpringApplication(SpringApplication.java:557) ~[spring-boot-2.1.5.RELEASE.jar:2.1.5.RELEASE]
	... 5 more
Caused by: org.springframework.core.convert.ConverterNotFoundException: No converter found capable of converting from type [java.lang.Boolean] to type [org.springframework.boot.Banner$Mode]
	at org.springframework.core.convert.support.GenericConversionService.handleConverterNotFound(GenericConversionService.java:321) ~[spring-core-5.1.7.RELEASE.jar:5.1.7.RELEASE]
	at org.springframework.core.convert.support.GenericConversionService.convert(GenericConversionService.java:194) ~[spring-core-5.1.7.RELEASE.jar:5.1.7.RELEASE]
	at org.springframework.boot.context.properties.bind.BindConverter$CompositeConversionService.convert(BindConverter.java:177) ~[spring-boot-2.1.5.RELEASE.jar:2.1.5.RELEASE]
	at org.springframework.boot.context.properties.bind.BindConverter.convert(BindConverter.java:98) ~[spring-boot-2.1.5.RELEASE.jar:2.1.5.RELEASE]
	at org.springframework.boot.context.properties.bind.BindConverter.convert(BindConverter.java:90) ~[spring-boot-2.1.5.RELEASE.jar:2.1.5.RELEASE]
	at org.springframework.boot.context.properties.bind.Binder.bindProperty(Binder.java:326) ~[spring-boot-2.1.5.RELEASE.jar:2.1.5.RELEASE]
	at org.springframework.boot.context.properties.bind.Binder.bindObject(Binder.java:265) ~[spring-boot-2.1.5.RELEASE.jar:2.1.5.RELEASE]
	at org.springframework.boot.context.properties.bind.Binder.bind(Binder.java:220) ~[spring-boot-2.1.5.RELEASE.jar:2.1.5.RELEASE]
	at org.springframework.boot.context.properties.bind.Binder.lambda$bindBean$3(Binder.java:336) ~[spring-boot-2.1.5.RELEASE.jar:2.1.5.RELEASE]
	at org.springframework.boot.context.properties.bind.JavaBeanBinder.bind(JavaBeanBinder.java:83) ~[spring-boot-2.1.5.RELEASE.jar:2.1.5.RELEASE]
	at org.springframework.boot.context.properties.bind.JavaBeanBinder.bind(JavaBeanBinder.java:72) ~[spring-boot-2.1.5.RELEASE.jar:2.1.5.RELEASE]
	at org.springframework.boot.context.properties.bind.JavaBeanBinder.bind(JavaBeanBinder.java:54) ~[spring-boot-2.1.5.RELEASE.jar:2.1.5.RELEASE]
	at org.springframework.boot.context.properties.bind.Binder.lambda$null$4(Binder.java:344) ~[spring-boot-2.1.5.RELEASE.jar:2.1.5.RELEASE]
	at java.util.stream.ReferencePipeline$3$1.accept(ReferencePipeline.java:193) ~[?:1.8.0_333]
	at java.util.ArrayList$ArrayListSpliterator.tryAdvance(ArrayList.java:1361) ~[?:1.8.0_333]
	at java.util.stream.ReferencePipeline.forEachWithCancel(ReferencePipeline.java:126) ~[?:1.8.0_333]
	at java.util.stream.AbstractPipeline.copyIntoWithCancel(AbstractPipeline.java:499) ~[?:1.8.0_333]
	at java.util.stream.AbstractPipeline.copyInto(AbstractPipeline.java:486) ~[?:1.8.0_333]
	at java.util.stream.AbstractPipeline.wrapAndCopyInto(AbstractPipeline.java:472) ~[?:1.8.0_333]
	at java.util.stream.FindOps$FindOp.evaluateSequential(FindOps.java:152) ~[?:1.8.0_333]
	at java.util.stream.AbstractPipeline.evaluate(AbstractPipeline.java:234) ~[?:1.8.0_333]
	at java.util.stream.ReferencePipeline.findFirst(ReferencePipeline.java:464) ~[?:1.8.0_333]
	at org.springframework.boot.context.properties.bind.Binder.lambda$bindBean$5(Binder.java:345) ~[spring-boot-2.1.5.RELEASE.jar:2.1.5.RELEASE]
	at org.springframework.boot.context.properties.bind.Binder$Context.withIncreasedDepth(Binder.java:448) ~[spring-boot-2.1.5.RELEASE.jar:2.1.5.RELEASE]
	at org.springframework.boot.context.properties.bind.Binder$Context.withBean(Binder.java:434) ~[spring-boot-2.1.5.RELEASE.jar:2.1.5.RELEASE]
	at org.springframework.boot.context.properties.bind.Binder$Context.access$400(Binder.java:388) ~[spring-boot-2.1.5.RELEASE.jar:2.1.5.RELEASE]
	at org.springframework.boot.context.properties.bind.Binder.bindBean(Binder.java:342) ~[spring-boot-2.1.5.RELEASE.jar:2.1.5.RELEASE]
	at org.springframework.boot.context.properties.bind.Binder.bindObject(Binder.java:277) ~[spring-boot-2.1.5.RELEASE.jar:2.1.5.RELEASE]
	at org.springframework.boot.context.properties.bind.Binder.bind(Binder.java:220) ~[spring-boot-2.1.5.RELEASE.jar:2.1.5.RELEASE]
	at org.springframework.boot.context.properties.bind.Binder.bind(Binder.java:208) ~[spring-boot-2.1.5.RELEASE.jar:2.1.5.RELEASE]
	at org.springframework.boot.context.properties.bind.Binder.bind(Binder.java:164) ~[spring-boot-2.1.5.RELEASE.jar:2.1.5.RELEASE]
	at org.springframework.boot.SpringApplication.bindToSpringApplication(SpringApplication.java:557) ~[spring-boot-2.1.5.RELEASE.jar:2.1.5.RELEASE]
	... 5 more
03:25:41.033 [main] INFO  cn.kollorsong.Application - Starting Application on localhost with PID 2530 (/Users/kollorsong/IdeaProjects/foodie/foodie-api/target/classes started by kollorsong in /Users/kollorsong/IdeaProjects/foodie)
03:25:41.041 [main] INFO  cn.kollorsong.Application - The following profiles are active: dev
03:25:42.001 [main] INFO  org.springframework.boot.web.embedded.tomcat.TomcatWebServer - Tomcat initialized with port(s): 8888 (http)
03:25:42.013 [main] INFO  org.apache.coyote.http11.Http11NioProtocol - Initializing ProtocolHandler ["http-nio-8888"]
03:25:42.020 [main] INFO  org.apache.catalina.core.StandardService - Starting service [Tomcat]
03:25:42.021 [main] INFO  org.apache.catalina.core.StandardEngine - Starting Servlet engine: [Apache Tomcat/9.0.19]
03:25:42.089 [main] INFO  org.apache.catalina.core.ContainerBase.[Tomcat].[localhost].[/foodie] - Initializing Spring embedded WebApplicationContext
03:25:42.090 [main] INFO  org.springframework.web.context.ContextLoader - Root WebApplicationContext: initialization completed in 1004 ms
03:25:42.970 [main] INFO  org.springframework.scheduling.concurrent.ThreadPoolTaskExecutor - Initializing ExecutorService 'applicationTaskExecutor'
03:25:43.059 [main] INFO  tk.mybatis.mapper.autoconfigure.MapperCacheDisabler - Clear tk.mybatis.mapper.util.MsUtil CLASS_CACHE cache.
03:25:43.059 [main] INFO  tk.mybatis.mapper.autoconfigure.MapperCacheDisabler - Clear tk.mybatis.mapper.genid.GenIdUtil CACHE cache.
03:25:43.060 [main] INFO  tk.mybatis.mapper.autoconfigure.MapperCacheDisabler - Clear tk.mybatis.mapper.version.VersionUtil CACHE cache.
03:25:43.060 [main] INFO  tk.mybatis.mapper.autoconfigure.MapperCacheDisabler - Clear EntityHelper entityTableMap cache.
03:25:43.178 [main] INFO  org.apache.coyote.http11.Http11NioProtocol - Starting ProtocolHandler ["http-nio-8888"]
03:25:43.202 [main] INFO  org.springframework.boot.web.embedded.tomcat.TomcatWebServer - Tomcat started on port(s): 8888 (http) with context path '/foodie'
03:25:43.206 [main] INFO  cn.kollorsong.Application - Started Application in 2.644 seconds (JVM running for 3.518)
03:26:53.522 [Thread-8] INFO  org.springframework.scheduling.concurrent.ThreadPoolTaskExecutor - Shutting down ExecutorService 'applicationTaskExecutor'
03:26:57.189 [main] INFO  cn.kollorsong.Application - Starting Application on localhost with PID 2546 (/Users/kollorsong/IdeaProjects/foodie/foodie-api/target/classes started by kollorsong in /Users/kollorsong/IdeaProjects/foodie)
03:26:57.199 [main] INFO  cn.kollorsong.Application - The following profiles are active: dev
03:26:58.371 [main] INFO  org.springframework.boot.web.embedded.tomcat.TomcatWebServer - Tomcat initialized with port(s): 8888 (http)
03:26:58.383 [main] INFO  org.apache.coyote.http11.Http11NioProtocol - Initializing ProtocolHandler ["http-nio-8888"]
03:26:58.391 [main] INFO  org.apache.catalina.core.StandardService - Starting service [Tomcat]
03:26:58.391 [main] INFO  org.apache.catalina.core.StandardEngine - Starting Servlet engine: [Apache Tomcat/9.0.19]
03:26:58.463 [main] INFO  org.apache.catalina.core.ContainerBase.[Tomcat].[localhost].[/foodie] - Initializing Spring embedded WebApplicationContext
03:26:58.463 [main] INFO  org.springframework.web.context.ContextLoader - Root WebApplicationContext: initialization completed in 1176 ms
03:26:59.416 [main] INFO  org.springframework.scheduling.concurrent.ThreadPoolTaskExecutor - Initializing ExecutorService 'applicationTaskExecutor'
03:26:59.515 [main] INFO  tk.mybatis.mapper.autoconfigure.MapperCacheDisabler - Clear tk.mybatis.mapper.util.MsUtil CLASS_CACHE cache.
03:26:59.516 [main] INFO  tk.mybatis.mapper.autoconfigure.MapperCacheDisabler - Clear tk.mybatis.mapper.genid.GenIdUtil CACHE cache.
03:26:59.516 [main] INFO  tk.mybatis.mapper.autoconfigure.MapperCacheDisabler - Clear tk.mybatis.mapper.version.VersionUtil CACHE cache.
03:26:59.516 [main] INFO  tk.mybatis.mapper.autoconfigure.MapperCacheDisabler - Clear EntityHelper entityTableMap cache.
03:26:59.674 [main] INFO  org.apache.coyote.http11.Http11NioProtocol - Starting ProtocolHandler ["http-nio-8888"]
03:26:59.705 [main] INFO  org.springframework.boot.web.embedded.tomcat.TomcatWebServer - Tomcat started on port(s): 8888 (http) with context path '/foodie'
03:26:59.710 [main] INFO  cn.kollorsong.Application - Started Application in 3.022 seconds (JVM running for 4.203)
03:28:39.504 [Thread-9] INFO  org.springframework.scheduling.concurrent.ThreadPoolTaskExecutor - Shutting down ExecutorService 'applicationTaskExecutor'
03:29:06.887 [main] INFO  cn.kollorsong.Application - Starting Application on localhost with PID 2564 (/Users/kollorsong/IdeaProjects/foodie/foodie-api/target/classes started by kollorsong in /Users/kollorsong/IdeaProjects/foodie)
03:29:06.892 [main] INFO  cn.kollorsong.Application - The following profiles are active: dev
03:29:07.872 [main] INFO  org.springframework.boot.web.embedded.tomcat.TomcatWebServer - Tomcat initialized with port(s): 8888 (http)
03:29:07.883 [main] INFO  org.apache.coyote.http11.Http11NioProtocol - Initializing ProtocolHandler ["http-nio-8888"]
03:29:07.890 [main] INFO  org.apache.catalina.core.StandardService - Starting service [Tomcat]
03:29:07.891 [main] INFO  org.apache.catalina.core.StandardEngine - Starting Servlet engine: [Apache Tomcat/9.0.19]
03:29:07.958 [main] INFO  org.apache.catalina.core.ContainerBase.[Tomcat].[localhost].[/foodie] - Initializing Spring embedded WebApplicationContext
03:29:08.036 [main] INFO  org.springframework.web.context.ContextLoader - Root WebApplicationContext: initialization completed in 1109 ms
03:29:08.891 [main] INFO  org.springframework.scheduling.concurrent.ThreadPoolTaskExecutor - Initializing ExecutorService 'applicationTaskExecutor'
03:29:08.980 [main] INFO  tk.mybatis.mapper.autoconfigure.MapperCacheDisabler - Clear tk.mybatis.mapper.util.MsUtil CLASS_CACHE cache.
03:29:08.980 [main] INFO  tk.mybatis.mapper.autoconfigure.MapperCacheDisabler - Clear tk.mybatis.mapper.genid.GenIdUtil CACHE cache.
03:29:08.981 [main] INFO  tk.mybatis.mapper.autoconfigure.MapperCacheDisabler - Clear tk.mybatis.mapper.version.VersionUtil CACHE cache.
03:29:08.981 [main] INFO  tk.mybatis.mapper.autoconfigure.MapperCacheDisabler - Clear EntityHelper entityTableMap cache.
03:29:09.101 [main] INFO  org.apache.coyote.http11.Http11NioProtocol - Starting ProtocolHandler ["http-nio-8888"]
03:29:09.125 [main] INFO  org.springframework.boot.web.embedded.tomcat.TomcatWebServer - Tomcat started on port(s): 8888 (http) with context path '/foodie'
03:29:09.129 [main] INFO  cn.kollorsong.Application - Started Application in 2.888 seconds (JVM running for 4.421)
03:31:06.977 [Thread-9] INFO  org.springframework.scheduling.concurrent.ThreadPoolTaskExecutor - Shutting down ExecutorService 'applicationTaskExecutor'
03:31:29.928 [main] INFO  cn.kollorsong.Application - Starting Application on localhost with PID 2685 (/Users/kollorsong/IdeaProjects/foodie/foodie-api/target/classes started by kollorsong in /Users/kollorsong/IdeaProjects/foodie)
03:31:29.936 [main] INFO  cn.kollorsong.Application - The following profiles are active: dev
03:31:30.961 [main] INFO  org.springframework.boot.web.embedded.tomcat.TomcatWebServer - Tomcat initialized with port(s): 8888 (http)
03:31:30.971 [main] INFO  org.apache.coyote.http11.Http11NioProtocol - Initializing ProtocolHandler ["http-nio-8888"]
03:31:30.977 [main] INFO  org.apache.catalina.core.StandardService - Starting service [Tomcat]
03:31:30.978 [main] INFO  org.apache.catalina.core.StandardEngine - Starting Servlet engine: [Apache Tomcat/9.0.19]
03:31:31.040 [main] INFO  org.apache.catalina.core.ContainerBase.[Tomcat].[localhost].[/foodie] - Initializing Spring embedded WebApplicationContext
03:31:31.040 [main] INFO  org.springframework.web.context.ContextLoader - Root WebApplicationContext: initialization completed in 1060 ms
03:31:31.791 [main] INFO  org.springframework.scheduling.concurrent.ThreadPoolTaskExecutor - Initializing ExecutorService 'applicationTaskExecutor'
03:31:31.869 [main] INFO  tk.mybatis.mapper.autoconfigure.MapperCacheDisabler - Clear tk.mybatis.mapper.util.MsUtil CLASS_CACHE cache.
03:31:31.870 [main] INFO  tk.mybatis.mapper.autoconfigure.MapperCacheDisabler - Clear tk.mybatis.mapper.genid.GenIdUtil CACHE cache.
03:31:31.870 [main] INFO  tk.mybatis.mapper.autoconfigure.MapperCacheDisabler - Clear tk.mybatis.mapper.version.VersionUtil CACHE cache.
03:31:31.870 [main] INFO  tk.mybatis.mapper.autoconfigure.MapperCacheDisabler - Clear EntityHelper entityTableMap cache.
03:31:31.981 [main] INFO  org.apache.coyote.http11.Http11NioProtocol - Starting ProtocolHandler ["http-nio-8888"]
03:31:32.004 [main] INFO  org.springframework.boot.web.embedded.tomcat.TomcatWebServer - Tomcat started on port(s): 8888 (http) with context path '/foodie'
03:31:32.007 [main] INFO  cn.kollorsong.Application - Started Application in 2.464 seconds (JVM running for 3.125)
03:36:23.768 [Thread-7] INFO  org.springframework.scheduling.concurrent.ThreadPoolTaskExecutor - Shutting down ExecutorService 'applicationTaskExecutor'
03:36:27.013 [main] INFO  cn.kollorsong.Application - Starting Application on localhost with PID 2744 (/Users/kollorsong/IdeaProjects/foodie/foodie-api/target/classes started by kollorsong in /Users/kollorsong/IdeaProjects/foodie)
03:36:27.028 [main] INFO  cn.kollorsong.Application - The following profiles are active: dev
03:36:27.961 [main] INFO  org.springframework.boot.web.embedded.tomcat.TomcatWebServer - Tomcat initialized with port(s): 8888 (http)
03:36:27.972 [main] INFO  org.apache.coyote.http11.Http11NioProtocol - Initializing ProtocolHandler ["http-nio-8888"]
03:36:27.978 [main] INFO  org.apache.catalina.core.StandardService - Starting service [Tomcat]
03:36:27.979 [main] INFO  org.apache.catalina.core.StandardEngine - Starting Servlet engine: [Apache Tomcat/9.0.19]
03:36:28.042 [main] INFO  org.apache.catalina.core.ContainerBase.[Tomcat].[localhost].[/foodie] - Initializing Spring embedded WebApplicationContext
03:36:28.042 [main] INFO  org.springframework.web.context.ContextLoader - Root WebApplicationContext: initialization completed in 951 ms
03:36:28.782 [main] INFO  org.springframework.scheduling.concurrent.ThreadPoolTaskExecutor - Initializing ExecutorService 'applicationTaskExecutor'
03:36:28.859 [main] INFO  tk.mybatis.mapper.autoconfigure.MapperCacheDisabler - Clear tk.mybatis.mapper.util.MsUtil CLASS_CACHE cache.
03:36:28.859 [main] INFO  tk.mybatis.mapper.autoconfigure.MapperCacheDisabler - Clear tk.mybatis.mapper.genid.GenIdUtil CACHE cache.
03:36:28.860 [main] INFO  tk.mybatis.mapper.autoconfigure.MapperCacheDisabler - Clear tk.mybatis.mapper.version.VersionUtil CACHE cache.
03:36:28.860 [main] INFO  tk.mybatis.mapper.autoconfigure.MapperCacheDisabler - Clear EntityHelper entityTableMap cache.
03:36:28.962 [main] INFO  org.apache.coyote.http11.Http11NioProtocol - Starting ProtocolHandler ["http-nio-8888"]
03:36:28.983 [main] INFO  org.springframework.boot.web.embedded.tomcat.TomcatWebServer - Tomcat started on port(s): 8888 (http) with context path '/foodie'
03:36:28.986 [main] INFO  cn.kollorsong.Application - Started Application in 2.441 seconds (JVM running for 3.24)
03:40:58.229 [Thread-7] INFO  org.springframework.scheduling.concurrent.ThreadPoolTaskExecutor - Shutting down ExecutorService 'applicationTaskExecutor'
03:41:01.507 [main] INFO  cn.kollorsong.Application - Starting Application on localhost with PID 2760 (/Users/kollorsong/IdeaProjects/foodie/foodie-api/target/classes started by kollorsong in /Users/kollorsong/IdeaProjects/foodie)
03:41:01.511 [main] INFO  cn.kollorsong.Application - The following profiles are active: dev
03:41:02.677 [main] INFO  org.springframework.boot.web.embedded.tomcat.TomcatWebServer - Tomcat initialized with port(s): 8888 (http)
03:41:02.686 [main] INFO  org.apache.coyote.http11.Http11NioProtocol - Initializing ProtocolHandler ["http-nio-8888"]
03:41:02.693 [main] INFO  org.apache.catalina.core.StandardService - Starting service [Tomcat]
03:41:02.694 [main] INFO  org.apache.catalina.core.StandardEngine - Starting Servlet engine: [Apache Tomcat/9.0.19]
03:41:02.756 [main] INFO  org.apache.catalina.core.ContainerBase.[Tomcat].[localhost].[/foodie] - Initializing Spring embedded WebApplicationContext
03:41:02.756 [main] INFO  org.springframework.web.context.ContextLoader - Root WebApplicationContext: initialization completed in 1166 ms
03:41:03.522 [main] INFO  org.springframework.scheduling.concurrent.ThreadPoolTaskExecutor - Initializing ExecutorService 'applicationTaskExecutor'
03:41:03.597 [main] INFO  tk.mybatis.mapper.autoconfigure.MapperCacheDisabler - Clear tk.mybatis.mapper.util.MsUtil CLASS_CACHE cache.
03:41:03.597 [main] INFO  tk.mybatis.mapper.autoconfigure.MapperCacheDisabler - Clear tk.mybatis.mapper.genid.GenIdUtil CACHE cache.
03:41:03.597 [main] INFO  tk.mybatis.mapper.autoconfigure.MapperCacheDisabler - Clear tk.mybatis.mapper.version.VersionUtil CACHE cache.
03:41:03.598 [main] INFO  tk.mybatis.mapper.autoconfigure.MapperCacheDisabler - Clear EntityHelper entityTableMap cache.
03:41:03.698 [main] INFO  org.apache.coyote.http11.Http11NioProtocol - Starting ProtocolHandler ["http-nio-8888"]
03:41:03.719 [main] INFO  org.springframework.boot.web.embedded.tomcat.TomcatWebServer - Tomcat started on port(s): 8888 (http) with context path '/foodie'
03:41:03.722 [main] INFO  cn.kollorsong.Application - Started Application in 2.772 seconds (JVM running for 3.551)
03:41:12.484 [Thread-8] INFO  org.springframework.scheduling.concurrent.ThreadPoolTaskExecutor - Shutting down ExecutorService 'applicationTaskExecutor'
03:41:14.994 [main] INFO  cn.kollorsong.Application - Starting Application on localhost with PID 2763 (/Users/kollorsong/IdeaProjects/foodie/foodie-api/target/classes started by kollorsong in /Users/kollorsong/IdeaProjects/foodie)
03:41:14.998 [main] INFO  cn.kollorsong.Application - The following profiles are active: dev
03:41:15.964 [main] INFO  org.springframework.boot.web.embedded.tomcat.TomcatWebServer - Tomcat initialized with port(s): 8888 (http)
03:41:15.974 [main] INFO  org.apache.coyote.http11.Http11NioProtocol - Initializing ProtocolHandler ["http-nio-8888"]
03:41:15.981 [main] INFO  org.apache.catalina.core.StandardService - Starting service [Tomcat]
03:41:15.981 [main] INFO  org.apache.catalina.core.StandardEngine - Starting Servlet engine: [Apache Tomcat/9.0.19]
03:41:16.041 [main] INFO  org.apache.catalina.core.ContainerBase.[Tomcat].[localhost].[/foodie] - Initializing Spring embedded WebApplicationContext
03:41:16.041 [main] INFO  org.springframework.web.context.ContextLoader - Root WebApplicationContext: initialization completed in 1011 ms
03:41:16.814 [main] INFO  org.springframework.scheduling.concurrent.ThreadPoolTaskExecutor - Initializing ExecutorService 'applicationTaskExecutor'
03:41:16.892 [main] INFO  tk.mybatis.mapper.autoconfigure.MapperCacheDisabler - Clear tk.mybatis.mapper.util.MsUtil CLASS_CACHE cache.
03:41:16.892 [main] INFO  tk.mybatis.mapper.autoconfigure.MapperCacheDisabler - Clear tk.mybatis.mapper.genid.GenIdUtil CACHE cache.
03:41:16.893 [main] INFO  tk.mybatis.mapper.autoconfigure.MapperCacheDisabler - Clear tk.mybatis.mapper.version.VersionUtil CACHE cache.
03:41:16.893 [main] INFO  tk.mybatis.mapper.autoconfigure.MapperCacheDisabler - Clear EntityHelper entityTableMap cache.
03:41:16.995 [main] INFO  org.apache.coyote.http11.Http11NioProtocol - Starting ProtocolHandler ["http-nio-8888"]
03:41:17.016 [main] INFO  org.springframework.boot.web.embedded.tomcat.TomcatWebServer - Tomcat started on port(s): 8888 (http) with context path '/foodie'
03:41:17.019 [main] INFO  cn.kollorsong.Application - Started Application in 2.414 seconds (JVM running for 3.013)
03:41:27.637 [Thread-6] INFO  org.springframework.scheduling.concurrent.ThreadPoolTaskExecutor - Shutting down ExecutorService 'applicationTaskExecutor'
03:41:30.189 [main] INFO  cn.kollorsong.Application - Starting Application on localhost with PID 2766 (/Users/kollorsong/IdeaProjects/foodie/foodie-api/target/classes started by kollorsong in /Users/kollorsong/IdeaProjects/foodie)
03:41:30.194 [main] INFO  cn.kollorsong.Application - The following profiles are active: dev
03:41:31.031 [main] INFO  org.springframework.boot.web.embedded.tomcat.TomcatWebServer - Tomcat initialized with port(s): 8888 (http)
03:41:31.041 [main] INFO  org.apache.coyote.http11.Http11NioProtocol - Initializing ProtocolHandler ["http-nio-8888"]
03:41:31.048 [main] INFO  org.apache.catalina.core.StandardService - Starting service [Tomcat]
03:41:31.048 [main] INFO  org.apache.catalina.core.StandardEngine - Starting Servlet engine: [Apache Tomcat/9.0.19]
03:41:31.109 [main] INFO  org.apache.catalina.core.ContainerBase.[Tomcat].[localhost].[/foodie] - Initializing Spring embedded WebApplicationContext
03:41:31.109 [main] INFO  org.springframework.web.context.ContextLoader - Root WebApplicationContext: initialization completed in 886 ms
03:41:31.836 [main] INFO  org.springframework.scheduling.concurrent.ThreadPoolTaskExecutor - Initializing ExecutorService 'applicationTaskExecutor'
03:41:31.909 [main] INFO  tk.mybatis.mapper.autoconfigure.MapperCacheDisabler - Clear tk.mybatis.mapper.util.MsUtil CLASS_CACHE cache.
03:41:31.910 [main] INFO  tk.mybatis.mapper.autoconfigure.MapperCacheDisabler - Clear tk.mybatis.mapper.genid.GenIdUtil CACHE cache.
03:41:31.910 [main] INFO  tk.mybatis.mapper.autoconfigure.MapperCacheDisabler - Clear tk.mybatis.mapper.version.VersionUtil CACHE cache.
03:41:31.910 [main] INFO  tk.mybatis.mapper.autoconfigure.MapperCacheDisabler - Clear EntityHelper entityTableMap cache.
03:41:32.017 [main] INFO  org.apache.coyote.http11.Http11NioProtocol - Starting ProtocolHandler ["http-nio-8888"]
03:41:32.038 [main] INFO  org.springframework.boot.web.embedded.tomcat.TomcatWebServer - Tomcat started on port(s): 8888 (http) with context path '/foodie'
03:41:32.041 [main] INFO  cn.kollorsong.Application - Started Application in 2.257 seconds (JVM running for 2.888)
03:41:42.404 [Thread-6] INFO  org.springframework.scheduling.concurrent.ThreadPoolTaskExecutor - Shutting down ExecutorService 'applicationTaskExecutor'
03:41:45.076 [main] INFO  cn.kollorsong.Application - Starting Application on localhost with PID 2769 (/Users/kollorsong/IdeaProjects/foodie/foodie-api/target/classes started by kollorsong in /Users/kollorsong/IdeaProjects/foodie)
03:41:45.084 [main] INFO  cn.kollorsong.Application - The following profiles are active: dev
03:41:45.954 [main] INFO  org.springframework.boot.web.embedded.tomcat.TomcatWebServer - Tomcat initialized with port(s): 8888 (http)
03:41:45.963 [main] INFO  org.apache.coyote.http11.Http11NioProtocol - Initializing ProtocolHandler ["http-nio-8888"]
03:41:45.969 [main] INFO  org.apache.catalina.core.StandardService - Starting service [Tomcat]
03:41:45.970 [main] INFO  org.apache.catalina.core.StandardEngine - Starting Servlet engine: [Apache Tomcat/9.0.19]
03:41:46.029 [main] INFO  org.apache.catalina.core.ContainerBase.[Tomcat].[localhost].[/foodie] - Initializing Spring embedded WebApplicationContext
03:41:46.030 [main] INFO  org.springframework.web.context.ContextLoader - Root WebApplicationContext: initialization completed in 906 ms
03:41:46.749 [main] INFO  org.springframework.scheduling.concurrent.ThreadPoolTaskExecutor - Initializing ExecutorService 'applicationTaskExecutor'
03:41:46.827 [main] INFO  tk.mybatis.mapper.autoconfigure.MapperCacheDisabler - Clear tk.mybatis.mapper.util.MsUtil CLASS_CACHE cache.
03:41:46.827 [main] INFO  tk.mybatis.mapper.autoconfigure.MapperCacheDisabler - Clear tk.mybatis.mapper.genid.GenIdUtil CACHE cache.
03:41:46.828 [main] INFO  tk.mybatis.mapper.autoconfigure.MapperCacheDisabler - Clear tk.mybatis.mapper.version.VersionUtil CACHE cache.
03:41:46.828 [main] INFO  tk.mybatis.mapper.autoconfigure.MapperCacheDisabler - Clear EntityHelper entityTableMap cache.
03:41:46.937 [main] INFO  org.apache.coyote.http11.Http11NioProtocol - Starting ProtocolHandler ["http-nio-8888"]
03:41:46.959 [main] INFO  org.springframework.boot.web.embedded.tomcat.TomcatWebServer - Tomcat started on port(s): 8888 (http) with context path '/foodie'
03:41:46.962 [main] INFO  cn.kollorsong.Application - Started Application in 2.295 seconds (JVM running for 2.951)
